
*** Running vivado
    with args -log Square_Root.vds -m64 -product Vivado -mode batch -messageDb vivado.pb -notrace -source Square_Root.tcl


****** Vivado v2018.2 (64-bit)
  **** SW Build 2258646 on Thu Jun 14 20:03:12 MDT 2018
  **** IP Build 2256618 on Thu Jun 14 22:10:49 MDT 2018
    ** Copyright 1986-2018 Xilinx, Inc. All Rights Reserved.

source Square_Root.tcl -notrace
Command: synth_design -top Square_Root -part xc7k325tffg900-3 -mode out_of_context
Starting synth_design
Attempting to get a license for feature 'Synthesis' and/or device 'xc7k325t'
INFO: [Common 17-349] Got license for feature 'Synthesis' and/or device 'xc7k325t'
INFO: Launching helper process for spawning children vivado processes
INFO: Helper process launched with PID 7820 
---------------------------------------------------------------------------------
Starting RTL Elaboration : Time (s): cpu = 00:00:04 ; elapsed = 00:00:05 . Memory (MB): peak = 447.445 ; gain = 98.238
---------------------------------------------------------------------------------
INFO: [Synth 8-638] synthesizing module 'Square_Root' [f:/image_process/Sobel/src/ip/Square_Root/synth/Square_Root.vhd:69]
	Parameter C_ARCHITECTURE bound to: 2 - type: integer 
	Parameter C_CORDIC_FUNCTION bound to: 6 - type: integer 
	Parameter C_COARSE_ROTATE bound to: 0 - type: integer 
	Parameter C_DATA_FORMAT bound to: 1 - type: integer 
	Parameter C_XDEVICEFAMILY bound to: kintex7 - type: string 
	Parameter C_HAS_ACLKEN bound to: 0 - type: integer 
	Parameter C_HAS_ACLK bound to: 1 - type: integer 
	Parameter C_HAS_S_AXIS_CARTESIAN bound to: 1 - type: integer 
	Parameter C_HAS_S_AXIS_PHASE bound to: 0 - type: integer 
	Parameter C_HAS_ARESETN bound to: 0 - type: integer 
	Parameter C_INPUT_WIDTH bound to: 32 - type: integer 
	Parameter C_ITERATIONS bound to: 0 - type: integer 
	Parameter C_OUTPUT_WIDTH bound to: 24 - type: integer 
	Parameter C_PHASE_FORMAT bound to: 0 - type: integer 
	Parameter C_PIPELINE_MODE bound to: -2 - type: integer 
	Parameter C_PRECISION bound to: 0 - type: integer 
	Parameter C_ROUND_MODE bound to: 0 - type: integer 
	Parameter C_SCALE_COMP bound to: 0 - type: integer 
	Parameter C_THROTTLE_SCHEME bound to: 3 - type: integer 
	Parameter C_TLAST_RESOLUTION bound to: 0 - type: integer 
	Parameter C_HAS_S_AXIS_PHASE_TUSER bound to: 0 - type: integer 
	Parameter C_HAS_S_AXIS_PHASE_TLAST bound to: 0 - type: integer 
	Parameter C_S_AXIS_PHASE_TDATA_WIDTH bound to: 32 - type: integer 
	Parameter C_S_AXIS_PHASE_TUSER_WIDTH bound to: 1 - type: integer 
	Parameter C_HAS_S_AXIS_CARTESIAN_TUSER bound to: 0 - type: integer 
	Parameter C_HAS_S_AXIS_CARTESIAN_TLAST bound to: 0 - type: integer 
	Parameter C_S_AXIS_CARTESIAN_TDATA_WIDTH bound to: 32 - type: integer 
	Parameter C_S_AXIS_CARTESIAN_TUSER_WIDTH bound to: 1 - type: integer 
	Parameter C_M_AXIS_DOUT_TDATA_WIDTH bound to: 24 - type: integer 
	Parameter C_M_AXIS_DOUT_TUSER_WIDTH bound to: 1 - type: integer 
INFO: [Synth 8-3491] module 'cordic_v6_0_14' declared at 'f:/image_process/Sobel/src/ip/Square_Root/hdl/cordic_v6_0_vh_rfs.vhd:10135' bound to instance 'U0' of component 'cordic_v6_0_14' [f:/image_process/Sobel/src/ip/Square_Root/synth/Square_Root.vhd:144]
INFO: [Synth 8-256] done synthesizing module 'Square_Root' (14#1) [f:/image_process/Sobel/src/ip/Square_Root/synth/Square_Root.vhd:69]
WARNING: [Synth 8-3331] design delay__parameterized87 has unconnected port SCLR
WARNING: [Synth 8-3331] design c_addsub_v12_0_12_lut6_legacy__parameterized41 has unconnected port clk
WARNING: [Synth 8-3331] design c_addsub_v12_0_12_lut6_legacy__parameterized41 has unconnected port add
WARNING: [Synth 8-3331] design c_addsub_v12_0_12_lut6_legacy__parameterized41 has unconnected port c_in
WARNING: [Synth 8-3331] design c_addsub_v12_0_12_lut6_legacy__parameterized41 has unconnected port ce
WARNING: [Synth 8-3331] design c_addsub_v12_0_12_lut6_legacy__parameterized41 has unconnected port bypass
WARNING: [Synth 8-3331] design c_addsub_v12_0_12_lut6_legacy__parameterized41 has unconnected port aclr
WARNING: [Synth 8-3331] design c_addsub_v12_0_12_lut6_legacy__parameterized41 has unconnected port aset
WARNING: [Synth 8-3331] design c_addsub_v12_0_12_lut6_legacy__parameterized41 has unconnected port ainit
WARNING: [Synth 8-3331] design c_addsub_v12_0_12_lut6_legacy__parameterized41 has unconnected port sclr
WARNING: [Synth 8-3331] design c_addsub_v12_0_12_lut6_legacy__parameterized41 has unconnected port sset
WARNING: [Synth 8-3331] design c_addsub_v12_0_12_lut6_legacy__parameterized41 has unconnected port sinit
WARNING: [Synth 8-3331] design c_addsub_v12_0_12_legacy__parameterized41 has unconnected port c_in
WARNING: [Synth 8-3331] design c_addsub_v12_0_12_legacy__parameterized41 has unconnected port b_in
WARNING: [Synth 8-3331] design c_addsub_v12_0_12_legacy__parameterized41 has unconnected port a_signed
WARNING: [Synth 8-3331] design c_addsub_v12_0_12_legacy__parameterized41 has unconnected port b_signed
WARNING: [Synth 8-3331] design c_addsub_v12_0_12_viv__parameterized41 has unconnected port C_IN
WARNING: [Synth 8-3331] design cordic_sqrt_mod__parameterized41 has unconnected port rem_out[24]
WARNING: [Synth 8-3331] design cordic_sqrt_mod__parameterized41 has unconnected port rem_out[23]
WARNING: [Synth 8-3331] design cordic_sqrt_mod__parameterized41 has unconnected port rem_out[22]
WARNING: [Synth 8-3331] design cordic_sqrt_mod__parameterized41 has unconnected port rem_out[21]
WARNING: [Synth 8-3331] design cordic_sqrt_mod__parameterized41 has unconnected port rem_out[20]
WARNING: [Synth 8-3331] design cordic_sqrt_mod__parameterized41 has unconnected port rem_out[19]
WARNING: [Synth 8-3331] design cordic_sqrt_mod__parameterized41 has unconnected port rem_out[18]
WARNING: [Synth 8-3331] design cordic_sqrt_mod__parameterized41 has unconnected port rem_out[17]
WARNING: [Synth 8-3331] design cordic_sqrt_mod__parameterized41 has unconnected port rem_out[16]
WARNING: [Synth 8-3331] design cordic_sqrt_mod__parameterized41 has unconnected port rem_out[15]
WARNING: [Synth 8-3331] design cordic_sqrt_mod__parameterized41 has unconnected port rem_out[14]
WARNING: [Synth 8-3331] design cordic_sqrt_mod__parameterized41 has unconnected port rem_out[13]
WARNING: [Synth 8-3331] design cordic_sqrt_mod__parameterized41 has unconnected port rem_out[12]
WARNING: [Synth 8-3331] design cordic_sqrt_mod__parameterized41 has unconnected port rem_out[11]
WARNING: [Synth 8-3331] design cordic_sqrt_mod__parameterized41 has unconnected port rem_out[10]
WARNING: [Synth 8-3331] design cordic_sqrt_mod__parameterized41 has unconnected port rem_out[9]
WARNING: [Synth 8-3331] design cordic_sqrt_mod__parameterized41 has unconnected port rem_out[8]
WARNING: [Synth 8-3331] design cordic_sqrt_mod__parameterized41 has unconnected port rem_out[7]
WARNING: [Synth 8-3331] design cordic_sqrt_mod__parameterized41 has unconnected port rem_out[6]
WARNING: [Synth 8-3331] design cordic_sqrt_mod__parameterized41 has unconnected port rem_out[5]
WARNING: [Synth 8-3331] design cordic_sqrt_mod__parameterized41 has unconnected port rem_out[4]
WARNING: [Synth 8-3331] design cordic_sqrt_mod__parameterized41 has unconnected port rem_out[3]
WARNING: [Synth 8-3331] design cordic_sqrt_mod__parameterized41 has unconnected port rem_out[2]
WARNING: [Synth 8-3331] design cordic_sqrt_mod__parameterized41 has unconnected port rem_out[1]
WARNING: [Synth 8-3331] design cordic_sqrt_mod__parameterized41 has unconnected port rem_out[0]
WARNING: [Synth 8-3331] design delay__parameterized85 has unconnected port WE
WARNING: [Synth 8-3331] design delay__parameterized85 has unconnected port CE
WARNING: [Synth 8-3331] design delay__parameterized85 has unconnected port SCLR
WARNING: [Synth 8-3331] design delay__parameterized85 has unconnected port CLK
WARNING: [Synth 8-3331] design c_addsub_v12_0_12_lut6_legacy__parameterized39 has unconnected port clk
WARNING: [Synth 8-3331] design c_addsub_v12_0_12_lut6_legacy__parameterized39 has unconnected port add
WARNING: [Synth 8-3331] design c_addsub_v12_0_12_lut6_legacy__parameterized39 has unconnected port c_in
WARNING: [Synth 8-3331] design c_addsub_v12_0_12_lut6_legacy__parameterized39 has unconnected port ce
WARNING: [Synth 8-3331] design c_addsub_v12_0_12_lut6_legacy__parameterized39 has unconnected port bypass
WARNING: [Synth 8-3331] design c_addsub_v12_0_12_lut6_legacy__parameterized39 has unconnected port aclr
WARNING: [Synth 8-3331] design c_addsub_v12_0_12_lut6_legacy__parameterized39 has unconnected port aset
WARNING: [Synth 8-3331] design c_addsub_v12_0_12_lut6_legacy__parameterized39 has unconnected port ainit
WARNING: [Synth 8-3331] design c_addsub_v12_0_12_lut6_legacy__parameterized39 has unconnected port sclr
WARNING: [Synth 8-3331] design c_addsub_v12_0_12_lut6_legacy__parameterized39 has unconnected port sset
WARNING: [Synth 8-3331] design c_addsub_v12_0_12_lut6_legacy__parameterized39 has unconnected port sinit
WARNING: [Synth 8-3331] design c_addsub_v12_0_12_legacy__parameterized39 has unconnected port c_in
WARNING: [Synth 8-3331] design c_addsub_v12_0_12_legacy__parameterized39 has unconnected port b_in
WARNING: [Synth 8-3331] design c_addsub_v12_0_12_legacy__parameterized39 has unconnected port a_signed
WARNING: [Synth 8-3331] design c_addsub_v12_0_12_legacy__parameterized39 has unconnected port b_signed
WARNING: [Synth 8-3331] design c_addsub_v12_0_12_viv__parameterized39 has unconnected port C_IN
WARNING: [Synth 8-3331] design delay__parameterized81 has unconnected port SCLR
WARNING: [Synth 8-3331] design c_addsub_v12_0_12_lut6_legacy__parameterized37 has unconnected port clk
WARNING: [Synth 8-3331] design c_addsub_v12_0_12_lut6_legacy__parameterized37 has unconnected port add
WARNING: [Synth 8-3331] design c_addsub_v12_0_12_lut6_legacy__parameterized37 has unconnected port c_in
WARNING: [Synth 8-3331] design c_addsub_v12_0_12_lut6_legacy__parameterized37 has unconnected port ce
WARNING: [Synth 8-3331] design c_addsub_v12_0_12_lut6_legacy__parameterized37 has unconnected port bypass
WARNING: [Synth 8-3331] design c_addsub_v12_0_12_lut6_legacy__parameterized37 has unconnected port aclr
WARNING: [Synth 8-3331] design c_addsub_v12_0_12_lut6_legacy__parameterized37 has unconnected port aset
WARNING: [Synth 8-3331] design c_addsub_v12_0_12_lut6_legacy__parameterized37 has unconnected port ainit
WARNING: [Synth 8-3331] design c_addsub_v12_0_12_lut6_legacy__parameterized37 has unconnected port sclr
WARNING: [Synth 8-3331] design c_addsub_v12_0_12_lut6_legacy__parameterized37 has unconnected port sset
WARNING: [Synth 8-3331] design c_addsub_v12_0_12_lut6_legacy__parameterized37 has unconnected port sinit
WARNING: [Synth 8-3331] design c_addsub_v12_0_12_legacy__parameterized37 has unconnected port c_in
WARNING: [Synth 8-3331] design c_addsub_v12_0_12_legacy__parameterized37 has unconnected port b_in
WARNING: [Synth 8-3331] design c_addsub_v12_0_12_legacy__parameterized37 has unconnected port a_signed
WARNING: [Synth 8-3331] design c_addsub_v12_0_12_legacy__parameterized37 has unconnected port b_signed
WARNING: [Synth 8-3331] design c_addsub_v12_0_12_viv__parameterized37 has unconnected port C_IN
WARNING: [Synth 8-3331] design c_addsub_v12_0_12_lut6_legacy__parameterized35 has unconnected port clk
WARNING: [Synth 8-3331] design c_addsub_v12_0_12_lut6_legacy__parameterized35 has unconnected port add
WARNING: [Synth 8-3331] design c_addsub_v12_0_12_lut6_legacy__parameterized35 has unconnected port c_in
WARNING: [Synth 8-3331] design c_addsub_v12_0_12_lut6_legacy__parameterized35 has unconnected port ce
WARNING: [Synth 8-3331] design c_addsub_v12_0_12_lut6_legacy__parameterized35 has unconnected port bypass
WARNING: [Synth 8-3331] design c_addsub_v12_0_12_lut6_legacy__parameterized35 has unconnected port aclr
WARNING: [Synth 8-3331] design c_addsub_v12_0_12_lut6_legacy__parameterized35 has unconnected port aset
WARNING: [Synth 8-3331] design c_addsub_v12_0_12_lut6_legacy__parameterized35 has unconnected port ainit
WARNING: [Synth 8-3331] design c_addsub_v12_0_12_lut6_legacy__parameterized35 has unconnected port sclr
WARNING: [Synth 8-3331] design c_addsub_v12_0_12_lut6_legacy__parameterized35 has unconnected port sset
WARNING: [Synth 8-3331] design c_addsub_v12_0_12_lut6_legacy__parameterized35 has unconnected port sinit
WARNING: [Synth 8-3331] design c_addsub_v12_0_12_legacy__parameterized35 has unconnected port c_in
WARNING: [Synth 8-3331] design c_addsub_v12_0_12_legacy__parameterized35 has unconnected port b_in
WARNING: [Synth 8-3331] design c_addsub_v12_0_12_legacy__parameterized35 has unconnected port a_signed
WARNING: [Synth 8-3331] design c_addsub_v12_0_12_legacy__parameterized35 has unconnected port b_signed
WARNING: [Synth 8-3331] design c_addsub_v12_0_12_viv__parameterized35 has unconnected port C_IN
WARNING: [Synth 8-3331] design delay__parameterized73 has unconnected port SCLR
WARNING: [Synth 8-3331] design c_addsub_v12_0_12_lut6_legacy__parameterized33 has unconnected port clk
WARNING: [Synth 8-3331] design c_addsub_v12_0_12_lut6_legacy__parameterized33 has unconnected port add
WARNING: [Synth 8-3331] design c_addsub_v12_0_12_lut6_legacy__parameterized33 has unconnected port c_in
WARNING: [Synth 8-3331] design c_addsub_v12_0_12_lut6_legacy__parameterized33 has unconnected port ce
INFO: [Common 17-14] Message 'Synth 8-3331' appears 100 times and further instances of the messages will be disabled. Use the Tcl command set_msg_config to change the current settings.
---------------------------------------------------------------------------------
Finished RTL Elaboration : Time (s): cpu = 00:00:20 ; elapsed = 00:00:23 . Memory (MB): peak = 678.781 ; gain = 329.574
---------------------------------------------------------------------------------

Report Check Netlist: 
+------+------------------+-------+---------+-------+------------------+
|      |Item              |Errors |Warnings |Status |Description       |
+------+------------------+-------+---------+-------+------------------+
|1     |multi_driven_nets |      0|        0|Passed |Multi driven nets |
+------+------------------+-------+---------+-------+------------------+
---------------------------------------------------------------------------------
Start Handling Custom Attributes
---------------------------------------------------------------------------------
---------------------------------------------------------------------------------
Finished Handling Custom Attributes : Time (s): cpu = 00:00:20 ; elapsed = 00:00:23 . Memory (MB): peak = 678.781 ; gain = 329.574
---------------------------------------------------------------------------------
---------------------------------------------------------------------------------
Finished RTL Optimization Phase 1 : Time (s): cpu = 00:00:20 ; elapsed = 00:00:23 . Memory (MB): peak = 678.781 ; gain = 329.574
---------------------------------------------------------------------------------
INFO: [Netlist 29-17] Analyzing 748 Unisim elements for replacement
INFO: [Netlist 29-28] Unisim Transformation completed in 0 CPU seconds
INFO: [Device 21-403] Loading part xc7k325tffg900-3
INFO: [Project 1-570] Preparing netlist for logic optimization

Processing XDC Constraints
Initializing timing engine
Parsing XDC File [f:/image_process/Sobel/src/ip/Square_Root/Square_Root_ooc.xdc] for cell 'U0'
Finished Parsing XDC File [f:/image_process/Sobel/src/ip/Square_Root/Square_Root_ooc.xdc] for cell 'U0'
Parsing XDC File [F:/image_process/Sobel/prj/prj/prj.runs/Square_Root_synth_1/dont_touch.xdc]
Finished Parsing XDC File [F:/image_process/Sobel/prj/prj/prj.runs/Square_Root_synth_1/dont_touch.xdc]
Completed Processing XDC Constraints

INFO: [Project 1-111] Unisim Transformation Summary:
No Unisim elements were transformed.

Constraint Validation Runtime : Time (s): cpu = 00:00:00 ; elapsed = 00:00:00.036 . Memory (MB): peak = 922.582 ; gain = 1.660
---------------------------------------------------------------------------------
Finished Constraint Validation : Time (s): cpu = 00:00:28 ; elapsed = 00:00:34 . Memory (MB): peak = 922.582 ; gain = 573.375
---------------------------------------------------------------------------------
---------------------------------------------------------------------------------
Start Loading Part and Timing Information
---------------------------------------------------------------------------------
Loading part: xc7k325tffg900-3
---------------------------------------------------------------------------------
Finished Loading Part and Timing Information : Time (s): cpu = 00:00:28 ; elapsed = 00:00:34 . Memory (MB): peak = 922.582 ; gain = 573.375
---------------------------------------------------------------------------------
---------------------------------------------------------------------------------
Start Applying 'set_property' XDC Constraints
---------------------------------------------------------------------------------
Applied set_property DONT_TOUCH = true for U0. (constraint file  F:/image_process/Sobel/prj/prj/prj.runs/Square_Root_synth_1/dont_touch.xdc, line 9).
---------------------------------------------------------------------------------
Finished applying 'set_property' XDC Constraints : Time (s): cpu = 00:00:28 ; elapsed = 00:00:34 . Memory (MB): peak = 922.582 ; gain = 573.375
---------------------------------------------------------------------------------
---------------------------------------------------------------------------------
Finished RTL Optimization Phase 2 : Time (s): cpu = 00:00:30 ; elapsed = 00:00:36 . Memory (MB): peak = 922.582 ; gain = 573.375
---------------------------------------------------------------------------------

Report RTL Partitions: 
+-+--------------+------------+----------+
| |RTL Partition |Replication |Instances |
+-+--------------+------------+----------+
+-+--------------+------------+----------+
---------------------------------------------------------------------------------
Start RTL Component Statistics 
---------------------------------------------------------------------------------
---------------------------------------------------------------------------------
Finished RTL Component Statistics 
---------------------------------------------------------------------------------
---------------------------------------------------------------------------------
Start RTL Hierarchical Component Statistics 
---------------------------------------------------------------------------------
---------------------------------------------------------------------------------
Finished RTL Hierarchical Component Statistics
---------------------------------------------------------------------------------
---------------------------------------------------------------------------------
Start Part Resource Summary
---------------------------------------------------------------------------------
Part Resources:
DSPs: 840 (col length:140)
BRAMs: 890 (col length: RAMB18 140 RAMB36 70)
---------------------------------------------------------------------------------
Finished Part Resource Summary
---------------------------------------------------------------------------------
---------------------------------------------------------------------------------
Start Cross Boundary and Area Optimization
---------------------------------------------------------------------------------
Warning: Parallel synthesis criteria is not met 
INFO: [Synth 8-3333] propagating constant 0 across sequential element (U0/i_synth/\i_synth/gen_sqrt.square_root/gen_iterations[24].gen_last.gen_rem/gen_data_int/gen_rtl.gen_dly.gen_shiftreg.delay_bus_reg[0][0] )
INFO: [Synth 8-3333] propagating constant 0 across sequential element (U0/i_synth/\i_synth/gen_sqrt.square_root/gen_iterations[24].gen_last.gen_rem/gen_data_int/gen_rtl.gen_dly.gen_shiftreg.delay_bus_reg[0][1] )
INFO: [Synth 8-3333] propagating constant 0 across sequential element (U0/i_synth/\i_synth/gen_sqrt.square_root/gen_iterations[23].gen_post_mid.gen_rem/gen_data_int/gen_rtl.gen_dly.gen_shiftreg.delay_bus_reg[0][0] )
INFO: [Synth 8-3333] propagating constant 0 across sequential element (U0/i_synth/\i_synth/gen_sqrt.square_root/gen_iterations[23].gen_post_mid.gen_rem/gen_data_int/gen_rtl.gen_dly.gen_shiftreg.delay_bus_reg[0][1] )
INFO: [Synth 8-3333] propagating constant 0 across sequential element (U0/i_synth/\i_synth/gen_sqrt.square_root/gen_iterations[22].gen_post_mid.gen_rem/gen_data_int/gen_rtl.gen_dly.gen_shiftreg.delay_bus_reg[0][0] )
INFO: [Synth 8-3333] propagating constant 0 across sequential element (U0/i_synth/\i_synth/gen_sqrt.square_root/gen_iterations[22].gen_post_mid.gen_rem/gen_data_int/gen_rtl.gen_dly.gen_shiftreg.delay_bus_reg[0][1] )
INFO: [Synth 8-3333] propagating constant 0 across sequential element (U0/i_synth/\i_synth/gen_sqrt.square_root/gen_iterations[21].gen_post_mid.gen_rem/gen_data_int/gen_rtl.gen_dly.gen_shiftreg.delay_bus_reg[0][0] )
INFO: [Synth 8-3333] propagating constant 0 across sequential element (U0/i_synth/\i_synth/gen_sqrt.square_root/gen_iterations[21].gen_post_mid.gen_rem/gen_data_int/gen_rtl.gen_dly.gen_shiftreg.delay_bus_reg[0][1] )
INFO: [Synth 8-3333] propagating constant 0 across sequential element (U0/i_synth/\i_synth/gen_sqrt.square_root/gen_iterations[20].gen_post_mid.gen_rem/gen_data_int/gen_rtl.gen_dly.gen_shiftreg.delay_bus_reg[0][0] )
INFO: [Synth 8-3333] propagating constant 0 across sequential element (U0/i_synth/\i_synth/gen_sqrt.square_root/gen_iterations[20].gen_post_mid.gen_rem/gen_data_int/gen_rtl.gen_dly.gen_shiftreg.delay_bus_reg[0][1] )
INFO: [Synth 8-3333] propagating constant 0 across sequential element (U0/i_synth/\i_synth/gen_sqrt.square_root/gen_iterations[19].gen_post_mid.gen_rem/gen_data_int/gen_rtl.gen_dly.gen_shiftreg.delay_bus_reg[0][0] )
INFO: [Synth 8-3333] propagating constant 0 across sequential element (U0/i_synth/\i_synth/gen_sqrt.square_root/gen_iterations[19].gen_post_mid.gen_rem/gen_data_int/gen_rtl.gen_dly.gen_shiftreg.delay_bus_reg[0][1] )
INFO: [Synth 8-3333] propagating constant 0 across sequential element (U0/i_synth/\i_synth/gen_sqrt.square_root/gen_iterations[18].gen_post_mid.gen_rem/gen_data_int/gen_rtl.gen_dly.gen_shiftreg.delay_bus_reg[0][0] )
INFO: [Synth 8-3333] propagating constant 0 across sequential element (U0/i_synth/\i_synth/gen_sqrt.square_root/gen_iterations[18].gen_post_mid.gen_rem/gen_data_int/gen_rtl.gen_dly.gen_shiftreg.delay_bus_reg[0][1] )
INFO: [Synth 8-3333] propagating constant 0 across sequential element (U0/i_synth/\i_synth/gen_sqrt.square_root/gen_iterations[17].gen_post_mid.gen_rem/gen_data_int/gen_rtl.gen_dly.gen_shiftreg.delay_bus_reg[0][0] )
INFO: [Synth 8-3333] propagating constant 0 across sequential element (U0/i_synth/\i_synth/gen_sqrt.square_root/gen_iterations[24].gen_last.gen_rem/gen_data_int/gen_rtl.gen_dly.gen_shiftreg.delay_bus_reg[1][0] )
INFO: [Synth 8-3333] propagating constant 0 across sequential element (U0/i_synth/\i_synth/gen_sqrt.square_root/gen_iterations[24].gen_last.gen_rem/gen_data_int/gen_rtl.gen_dly.gen_shiftreg.delay_bus_reg[1][1] )
INFO: [Synth 8-3333] propagating constant 0 across sequential element (U0/i_synth/\i_synth/gen_sqrt.square_root/gen_iterations[23].gen_post_mid.gen_rem/gen_data_int/gen_rtl.gen_dly.gen_shiftreg.delay_bus_reg[1][0] )
INFO: [Synth 8-3333] propagating constant 0 across sequential element (U0/i_synth/\i_synth/gen_sqrt.square_root/gen_iterations[23].gen_post_mid.gen_rem/gen_data_int/gen_rtl.gen_dly.gen_shiftreg.delay_bus_reg[1][1] )
INFO: [Synth 8-3333] propagating constant 0 across sequential element (U0/i_synth/\i_synth/gen_sqrt.square_root/gen_iterations[22].gen_post_mid.gen_rem/gen_data_int/gen_rtl.gen_dly.gen_shiftreg.delay_bus_reg[1][0] )
INFO: [Synth 8-3333] propagating constant 0 across sequential element (U0/i_synth/\i_synth/gen_sqrt.square_root/gen_iterations[22].gen_post_mid.gen_rem/gen_data_int/gen_rtl.gen_dly.gen_shiftreg.delay_bus_reg[1][1] )
INFO: [Synth 8-3333] propagating constant 0 across sequential element (U0/i_synth/\i_synth/gen_sqrt.square_root/gen_iterations[21].gen_post_mid.gen_rem/gen_data_int/gen_rtl.gen_dly.gen_shiftreg.delay_bus_reg[1][0] )
INFO: [Synth 8-3333] propagating constant 0 across sequential element (U0/i_synth/\i_synth/gen_sqrt.square_root/gen_iterations[21].gen_post_mid.gen_rem/gen_data_int/gen_rtl.gen_dly.gen_shiftreg.delay_bus_reg[1][1] )
INFO: [Synth 8-3333] propagating constant 0 across sequential element (U0/i_synth/\i_synth/gen_sqrt.square_root/gen_iterations[20].gen_post_mid.gen_rem/gen_data_int/gen_rtl.gen_dly.gen_shiftreg.delay_bus_reg[1][0] )
INFO: [Synth 8-3333] propagating constant 0 across sequential element (U0/i_synth/\i_synth/gen_sqrt.square_root/gen_iterations[20].gen_post_mid.gen_rem/gen_data_int/gen_rtl.gen_dly.gen_shiftreg.delay_bus_reg[1][1] )
INFO: [Synth 8-3333] propagating constant 0 across sequential element (U0/i_synth/\i_synth/gen_sqrt.square_root/gen_iterations[19].gen_post_mid.gen_rem/gen_data_int/gen_rtl.gen_dly.gen_shiftreg.delay_bus_reg[1][0] )
INFO: [Synth 8-3333] propagating constant 0 across sequential element (U0/i_synth/\i_synth/gen_sqrt.square_root/gen_iterations[19].gen_post_mid.gen_rem/gen_data_int/gen_rtl.gen_dly.gen_shiftreg.delay_bus_reg[1][1] )
INFO: [Synth 8-3333] propagating constant 0 across sequential element (U0/i_synth/\i_synth/gen_sqrt.square_root/gen_iterations[18].gen_post_mid.gen_rem/gen_data_int/gen_rtl.gen_dly.gen_shiftreg.delay_bus_reg[1][0] )
INFO: [Synth 8-3333] propagating constant 0 across sequential element (U0/i_synth/\i_synth/gen_sqrt.square_root/gen_iterations[18].gen_post_mid.gen_rem/gen_data_int/gen_rtl.gen_dly.gen_shiftreg.delay_bus_reg[1][1] )
INFO: [Synth 8-3333] propagating constant 0 across sequential element (U0/i_synth/\i_synth/gen_sqrt.square_root/gen_iterations[17].gen_post_mid.gen_rem/gen_data_int/gen_rtl.gen_dly.gen_shiftreg.delay_bus_reg[1][0] )
INFO: [Synth 8-3333] propagating constant 0 across sequential element (U0/i_synth/\i_synth/gen_sqrt.square_root/gen_iterations[24].gen_last.gen_rem/gen_data_int/gen_rtl.gen_dly.gen_shiftreg.delay_bus_reg[2][0] )
INFO: [Synth 8-3333] propagating constant 0 across sequential element (U0/i_synth/\i_synth/gen_sqrt.square_root/gen_iterations[24].gen_last.gen_rem/gen_data_int/gen_rtl.gen_dly.gen_shiftreg.delay_bus_reg[2][1] )
INFO: [Synth 8-3333] propagating constant 0 across sequential element (U0/i_synth/\i_synth/gen_sqrt.square_root/gen_iterations[23].gen_post_mid.gen_rem/gen_data_int/gen_rtl.gen_dly.gen_shiftreg.delay_bus_reg[2][0] )
INFO: [Synth 8-3333] propagating constant 0 across sequential element (U0/i_synth/\i_synth/gen_sqrt.square_root/gen_iterations[23].gen_post_mid.gen_rem/gen_data_int/gen_rtl.gen_dly.gen_shiftreg.delay_bus_reg[2][1] )
INFO: [Synth 8-3333] propagating constant 0 across sequential element (U0/i_synth/\i_synth/gen_sqrt.square_root/gen_iterations[22].gen_post_mid.gen_rem/gen_data_int/gen_rtl.gen_dly.gen_shiftreg.delay_bus_reg[2][0] )
INFO: [Synth 8-3333] propagating constant 0 across sequential element (U0/i_synth/\i_synth/gen_sqrt.square_root/gen_iterations[22].gen_post_mid.gen_rem/gen_data_int/gen_rtl.gen_dly.gen_shiftreg.delay_bus_reg[2][1] )
INFO: [Synth 8-3333] propagating constant 0 across sequential element (U0/i_synth/\i_synth/gen_sqrt.square_root/gen_iterations[21].gen_post_mid.gen_rem/gen_data_int/gen_rtl.gen_dly.gen_shiftreg.delay_bus_reg[2][0] )
INFO: [Synth 8-3333] propagating constant 0 across sequential element (U0/i_synth/\i_synth/gen_sqrt.square_root/gen_iterations[21].gen_post_mid.gen_rem/gen_data_int/gen_rtl.gen_dly.gen_shiftreg.delay_bus_reg[2][1] )
INFO: [Synth 8-3333] propagating constant 0 across sequential element (U0/i_synth/\i_synth/gen_sqrt.square_root/gen_iterations[20].gen_post_mid.gen_rem/gen_data_int/gen_rtl.gen_dly.gen_shiftreg.delay_bus_reg[2][0] )
INFO: [Synth 8-3333] propagating constant 0 across sequential element (U0/i_synth/\i_synth/gen_sqrt.square_root/gen_iterations[20].gen_post_mid.gen_rem/gen_data_int/gen_rtl.gen_dly.gen_shiftreg.delay_bus_reg[2][1] )
INFO: [Synth 8-3333] propagating constant 0 across sequential element (U0/i_synth/\i_synth/gen_sqrt.square_root/gen_iterations[19].gen_post_mid.gen_rem/gen_data_int/gen_rtl.gen_dly.gen_shiftreg.delay_bus_reg[2][0] )
INFO: [Synth 8-3333] propagating constant 0 across sequential element (U0/i_synth/\i_synth/gen_sqrt.square_root/gen_iterations[19].gen_post_mid.gen_rem/gen_data_int/gen_rtl.gen_dly.gen_shiftreg.delay_bus_reg[2][1] )
INFO: [Synth 8-3333] propagating constant 0 across sequential element (U0/i_synth/\i_synth/gen_sqrt.square_root/gen_iterations[18].gen_post_mid.gen_rem/gen_data_int/gen_rtl.gen_dly.gen_shiftreg.delay_bus_reg[2][0] )
INFO: [Synth 8-3333] propagating constant 0 across sequential element (U0/i_synth/\i_synth/gen_sqrt.square_root/gen_iterations[18].gen_post_mid.gen_rem/gen_data_int/gen_rtl.gen_dly.gen_shiftreg.delay_bus_reg[2][1] )
INFO: [Synth 8-3333] propagating constant 0 across sequential element (U0/i_synth/\i_synth/gen_sqrt.square_root/gen_iterations[17].gen_post_mid.gen_rem/gen_data_int/gen_rtl.gen_dly.gen_shiftreg.delay_bus_reg[2][0] )
INFO: [Synth 8-3333] propagating constant 0 across sequential element (U0/i_synth/\i_synth/gen_sqrt.square_root/gen_iterations[24].gen_last.gen_rem/gen_data_int/gen_rtl.gen_dly.gen_shiftreg.delay_bus_reg[3][0] )
INFO: [Synth 8-3333] propagating constant 0 across sequential element (U0/i_synth/\i_synth/gen_sqrt.square_root/gen_iterations[24].gen_last.gen_rem/gen_data_int/gen_rtl.gen_dly.gen_shiftreg.delay_bus_reg[3][1] )
INFO: [Synth 8-3333] propagating constant 0 across sequential element (U0/i_synth/\i_synth/gen_sqrt.square_root/gen_iterations[23].gen_post_mid.gen_rem/gen_data_int/gen_rtl.gen_dly.gen_shiftreg.delay_bus_reg[3][0] )
INFO: [Synth 8-3333] propagating constant 0 across sequential element (U0/i_synth/\i_synth/gen_sqrt.square_root/gen_iterations[23].gen_post_mid.gen_rem/gen_data_int/gen_rtl.gen_dly.gen_shiftreg.delay_bus_reg[3][1] )
INFO: [Synth 8-3333] propagating constant 0 across sequential element (U0/i_synth/\i_synth/gen_sqrt.square_root/gen_iterations[22].gen_post_mid.gen_rem/gen_data_int/gen_rtl.gen_dly.gen_shiftreg.delay_bus_reg[3][0] )
INFO: [Synth 8-3333] propagating constant 0 across sequential element (U0/i_synth/\i_synth/gen_sqrt.square_root/gen_iterations[22].gen_post_mid.gen_rem/gen_data_int/gen_rtl.gen_dly.gen_shiftreg.delay_bus_reg[3][1] )
INFO: [Synth 8-3333] propagating constant 0 across sequential element (U0/i_synth/\i_synth/gen_sqrt.square_root/gen_iterations[21].gen_post_mid.gen_rem/gen_data_int/gen_rtl.gen_dly.gen_shiftreg.delay_bus_reg[3][0] )
INFO: [Synth 8-3333] propagating constant 0 across sequential element (U0/i_synth/\i_synth/gen_sqrt.square_root/gen_iterations[21].gen_post_mid.gen_rem/gen_data_int/gen_rtl.gen_dly.gen_shiftreg.delay_bus_reg[3][1] )
INFO: [Synth 8-3333] propagating constant 0 across sequential element (U0/i_synth/\i_synth/gen_sqrt.square_root/gen_iterations[20].gen_post_mid.gen_rem/gen_data_int/gen_rtl.gen_dly.gen_shiftreg.delay_bus_reg[3][0] )
INFO: [Synth 8-3333] propagating constant 0 across sequential element (U0/i_synth/\i_synth/gen_sqrt.square_root/gen_iterations[20].gen_post_mid.gen_rem/gen_data_int/gen_rtl.gen_dly.gen_shiftreg.delay_bus_reg[3][1] )
INFO: [Synth 8-3333] propagating constant 0 across sequential element (U0/i_synth/\i_synth/gen_sqrt.square_root/gen_iterations[19].gen_post_mid.gen_rem/gen_data_int/gen_rtl.gen_dly.gen_shiftreg.delay_bus_reg[3][0] )
INFO: [Synth 8-3333] propagating constant 0 across sequential element (U0/i_synth/\i_synth/gen_sqrt.square_root/gen_iterations[19].gen_post_mid.gen_rem/gen_data_int/gen_rtl.gen_dly.gen_shiftreg.delay_bus_reg[3][1] )
INFO: [Synth 8-3333] propagating constant 0 across sequential element (U0/i_synth/\i_synth/gen_sqrt.square_root/gen_iterations[18].gen_post_mid.gen_rem/gen_data_int/gen_rtl.gen_dly.gen_shiftreg.delay_bus_reg[3][0] )
INFO: [Synth 8-3333] propagating constant 0 across sequential element (U0/i_synth/\i_synth/gen_sqrt.square_root/gen_iterations[18].gen_post_mid.gen_rem/gen_data_int/gen_rtl.gen_dly.gen_shiftreg.delay_bus_reg[3][1] )
INFO: [Synth 8-3333] propagating constant 0 across sequential element (U0/i_synth/\i_synth/gen_sqrt.square_root/gen_iterations[17].gen_post_mid.gen_rem/gen_data_int/gen_rtl.gen_dly.gen_shiftreg.delay_bus_reg[3][0] )
INFO: [Synth 8-3333] propagating constant 0 across sequential element (U0/i_synth/\i_synth/gen_sqrt.square_root/gen_iterations[24].gen_last.gen_rem/gen_data_int/gen_rtl.gen_dly.gen_shiftreg.delay_bus_reg[4][0] )
INFO: [Synth 8-3333] propagating constant 0 across sequential element (U0/i_synth/\i_synth/gen_sqrt.square_root/gen_iterations[24].gen_last.gen_rem/gen_data_int/gen_rtl.gen_dly.gen_shiftreg.delay_bus_reg[4][1] )
INFO: [Synth 8-3333] propagating constant 0 across sequential element (U0/i_synth/\i_synth/gen_sqrt.square_root/gen_iterations[23].gen_post_mid.gen_rem/gen_data_int/gen_rtl.gen_dly.gen_shiftreg.delay_bus_reg[4][0] )
INFO: [Synth 8-3333] propagating constant 0 across sequential element (U0/i_synth/\i_synth/gen_sqrt.square_root/gen_iterations[23].gen_post_mid.gen_rem/gen_data_int/gen_rtl.gen_dly.gen_shiftreg.delay_bus_reg[4][1] )
INFO: [Synth 8-3333] propagating constant 0 across sequential element (U0/i_synth/\i_synth/gen_sqrt.square_root/gen_iterations[22].gen_post_mid.gen_rem/gen_data_int/gen_rtl.gen_dly.gen_shiftreg.delay_bus_reg[4][0] )
INFO: [Synth 8-3333] propagating constant 0 across sequential element (U0/i_synth/\i_synth/gen_sqrt.square_root/gen_iterations[22].gen_post_mid.gen_rem/gen_data_int/gen_rtl.gen_dly.gen_shiftreg.delay_bus_reg[4][1] )
INFO: [Synth 8-3333] propagating constant 0 across sequential element (U0/i_synth/\i_synth/gen_sqrt.square_root/gen_iterations[21].gen_post_mid.gen_rem/gen_data_int/gen_rtl.gen_dly.gen_shiftreg.delay_bus_reg[4][0] )
INFO: [Synth 8-3333] propagating constant 0 across sequential element (U0/i_synth/\i_synth/gen_sqrt.square_root/gen_iterations[21].gen_post_mid.gen_rem/gen_data_int/gen_rtl.gen_dly.gen_shiftreg.delay_bus_reg[4][1] )
INFO: [Synth 8-3333] propagating constant 0 across sequential element (U0/i_synth/\i_synth/gen_sqrt.square_root/gen_iterations[20].gen_post_mid.gen_rem/gen_data_int/gen_rtl.gen_dly.gen_shiftreg.delay_bus_reg[4][0] )
INFO: [Synth 8-3333] propagating constant 0 across sequential element (U0/i_synth/\i_synth/gen_sqrt.square_root/gen_iterations[20].gen_post_mid.gen_rem/gen_data_int/gen_rtl.gen_dly.gen_shiftreg.delay_bus_reg[4][1] )
INFO: [Synth 8-3333] propagating constant 0 across sequential element (U0/i_synth/\i_synth/gen_sqrt.square_root/gen_iterations[19].gen_post_mid.gen_rem/gen_data_int/gen_rtl.gen_dly.gen_shiftreg.delay_bus_reg[4][0] )
INFO: [Synth 8-3333] propagating constant 0 across sequential element (U0/i_synth/\i_synth/gen_sqrt.square_root/gen_iterations[19].gen_post_mid.gen_rem/gen_data_int/gen_rtl.gen_dly.gen_shiftreg.delay_bus_reg[4][1] )
INFO: [Synth 8-3333] propagating constant 0 across sequential element (U0/i_synth/\i_synth/gen_sqrt.square_root/gen_iterations[18].gen_post_mid.gen_rem/gen_data_int/gen_rtl.gen_dly.gen_shiftreg.delay_bus_reg[4][0] )
INFO: [Synth 8-3333] propagating constant 0 across sequential element (U0/i_synth/\i_synth/gen_sqrt.square_root/gen_iterations[18].gen_post_mid.gen_rem/gen_data_int/gen_rtl.gen_dly.gen_shiftreg.delay_bus_reg[4][1] )
INFO: [Synth 8-3333] propagating constant 0 across sequential element (U0/i_synth/\i_synth/gen_sqrt.square_root/gen_iterations[17].gen_post_mid.gen_rem/gen_data_int/gen_rtl.gen_dly.gen_shiftreg.delay_bus_reg[4][0] )
INFO: [Synth 8-3333] propagating constant 0 across sequential element (U0/i_synth/\i_synth/gen_sqrt.square_root/gen_iterations[24].gen_last.gen_rem/gen_data_int/gen_rtl.gen_dly.gen_shiftreg.delay_bus_reg[5][0] )
INFO: [Synth 8-3333] propagating constant 0 across sequential element (U0/i_synth/\i_synth/gen_sqrt.square_root/gen_iterations[24].gen_last.gen_rem/gen_data_int/gen_rtl.gen_dly.gen_shiftreg.delay_bus_reg[5][1] )
INFO: [Synth 8-3333] propagating constant 0 across sequential element (U0/i_synth/\i_synth/gen_sqrt.square_root/gen_iterations[23].gen_post_mid.gen_rem/gen_data_int/gen_rtl.gen_dly.gen_shiftreg.delay_bus_reg[5][0] )
INFO: [Synth 8-3333] propagating constant 0 across sequential element (U0/i_synth/\i_synth/gen_sqrt.square_root/gen_iterations[23].gen_post_mid.gen_rem/gen_data_int/gen_rtl.gen_dly.gen_shiftreg.delay_bus_reg[5][1] )
INFO: [Synth 8-3333] propagating constant 0 across sequential element (U0/i_synth/\i_synth/gen_sqrt.square_root/gen_iterations[22].gen_post_mid.gen_rem/gen_data_int/gen_rtl.gen_dly.gen_shiftreg.delay_bus_reg[5][0] )
INFO: [Synth 8-3333] propagating constant 0 across sequential element (U0/i_synth/\i_synth/gen_sqrt.square_root/gen_iterations[22].gen_post_mid.gen_rem/gen_data_int/gen_rtl.gen_dly.gen_shiftreg.delay_bus_reg[5][1] )
INFO: [Synth 8-3333] propagating constant 0 across sequential element (U0/i_synth/\i_synth/gen_sqrt.square_root/gen_iterations[21].gen_post_mid.gen_rem/gen_data_int/gen_rtl.gen_dly.gen_shiftreg.delay_bus_reg[5][0] )
INFO: [Synth 8-3333] propagating constant 0 across sequential element (U0/i_synth/\i_synth/gen_sqrt.square_root/gen_iterations[21].gen_post_mid.gen_rem/gen_data_int/gen_rtl.gen_dly.gen_shiftreg.delay_bus_reg[5][1] )
INFO: [Synth 8-3333] propagating constant 0 across sequential element (U0/i_synth/\i_synth/gen_sqrt.square_root/gen_iterations[20].gen_post_mid.gen_rem/gen_data_int/gen_rtl.gen_dly.gen_shiftreg.delay_bus_reg[5][0] )
INFO: [Synth 8-3333] propagating constant 0 across sequential element (U0/i_synth/\i_synth/gen_sqrt.square_root/gen_iterations[20].gen_post_mid.gen_rem/gen_data_int/gen_rtl.gen_dly.gen_shiftreg.delay_bus_reg[5][1] )
INFO: [Synth 8-3333] propagating constant 0 across sequential element (U0/i_synth/\i_synth/gen_sqrt.square_root/gen_iterations[19].gen_post_mid.gen_rem/gen_data_int/gen_rtl.gen_dly.gen_shiftreg.delay_bus_reg[5][0] )
INFO: [Synth 8-3333] propagating constant 0 across sequential element (U0/i_synth/\i_synth/gen_sqrt.square_root/gen_iterations[19].gen_post_mid.gen_rem/gen_data_int/gen_rtl.gen_dly.gen_shiftreg.delay_bus_reg[5][1] )
INFO: [Synth 8-3333] propagating constant 0 across sequential element (U0/i_synth/\i_synth/gen_sqrt.square_root/gen_iterations[18].gen_post_mid.gen_rem/gen_data_int/gen_rtl.gen_dly.gen_shiftreg.delay_bus_reg[5][0] )
INFO: [Synth 8-3333] propagating constant 0 across sequential element (U0/i_synth/\i_synth/gen_sqrt.square_root/gen_iterations[18].gen_post_mid.gen_rem/gen_data_int/gen_rtl.gen_dly.gen_shiftreg.delay_bus_reg[5][1] )
INFO: [Synth 8-3333] propagating constant 0 across sequential element (U0/i_synth/\i_synth/gen_sqrt.square_root/gen_iterations[17].gen_post_mid.gen_rem/gen_data_int/gen_rtl.gen_dly.gen_shiftreg.delay_bus_reg[5][0] )
INFO: [Synth 8-3333] propagating constant 0 across sequential element (U0/i_synth/\i_synth/gen_sqrt.square_root/gen_iterations[24].gen_last.gen_rem/gen_data_int/gen_rtl.gen_dly.gen_shiftreg.delay_bus_reg[6][0] )
INFO: [Synth 8-3333] propagating constant 0 across sequential element (U0/i_synth/\i_synth/gen_sqrt.square_root/gen_iterations[24].gen_last.gen_rem/gen_data_int/gen_rtl.gen_dly.gen_shiftreg.delay_bus_reg[6][1] )
INFO: [Synth 8-3333] propagating constant 0 across sequential element (U0/i_synth/\i_synth/gen_sqrt.square_root/gen_iterations[23].gen_post_mid.gen_rem/gen_data_int/gen_rtl.gen_dly.gen_shiftreg.delay_bus_reg[6][0] )
INFO: [Synth 8-3333] propagating constant 0 across sequential element (U0/i_synth/\i_synth/gen_sqrt.square_root/gen_iterations[23].gen_post_mid.gen_rem/gen_data_int/gen_rtl.gen_dly.gen_shiftreg.delay_bus_reg[6][1] )
INFO: [Synth 8-3333] propagating constant 0 across sequential element (U0/i_synth/\i_synth/gen_sqrt.square_root/gen_iterations[22].gen_post_mid.gen_rem/gen_data_int/gen_rtl.gen_dly.gen_shiftreg.delay_bus_reg[6][0] )
INFO: [Synth 8-3333] propagating constant 0 across sequential element (U0/i_synth/\i_synth/gen_sqrt.square_root/gen_iterations[22].gen_post_mid.gen_rem/gen_data_int/gen_rtl.gen_dly.gen_shiftreg.delay_bus_reg[6][1] )
INFO: [Synth 8-3333] propagating constant 0 across sequential element (U0/i_synth/\i_synth/gen_sqrt.square_root/gen_iterations[21].gen_post_mid.gen_rem/gen_data_int/gen_rtl.gen_dly.gen_shiftreg.delay_bus_reg[6][0] )
INFO: [Synth 8-3333] propagating constant 0 across sequential element (U0/i_synth/\i_synth/gen_sqrt.square_root/gen_iterations[21].gen_post_mid.gen_rem/gen_data_int/gen_rtl.gen_dly.gen_shiftreg.delay_bus_reg[6][1] )
INFO: [Synth 8-3333] propagating constant 0 across sequential element (U0/i_synth/\i_synth/gen_sqrt.square_root/gen_iterations[20].gen_post_mid.gen_rem/gen_data_int/gen_rtl.gen_dly.gen_shiftreg.delay_bus_reg[6][0] )
INFO: [Synth 8-3333] propagating constant 0 across sequential element (U0/i_synth/\i_synth/gen_sqrt.square_root/gen_iterations[20].gen_post_mid.gen_rem/gen_data_int/gen_rtl.gen_dly.gen_shiftreg.delay_bus_reg[6][1] )
INFO: [Common 17-14] Message 'Synth 8-3333' appears 100 times and further instances of the messages will be disabled. Use the Tcl command set_msg_config to change the current settings.
INFO: [Synth 8-3332] Sequential element (i_synth/gen_sqrt.square_root/gen_iterations[17].gen_post_mid.gen_rem/gen_data_int/gen_rtl.gen_dly.gen_shiftreg.delay_bus_reg[0][0]) is unused and will be removed from module cordic_v6_0_14_viv.
INFO: [Synth 8-3332] Sequential element (i_synth/gen_sqrt.square_root/gen_iterations[17].gen_post_mid.gen_rem/gen_data_int/gen_rtl.gen_dly.gen_shiftreg.delay_bus_reg[1][0]) is unused and will be removed from module cordic_v6_0_14_viv.
INFO: [Synth 8-3332] Sequential element (i_synth/gen_sqrt.square_root/gen_iterations[17].gen_post_mid.gen_rem/gen_data_int/gen_rtl.gen_dly.gen_shiftreg.delay_bus_reg[2][0]) is unused and will be removed from module cordic_v6_0_14_viv.
INFO: [Synth 8-3332] Sequential element (i_synth/gen_sqrt.square_root/gen_iterations[17].gen_post_mid.gen_rem/gen_data_int/gen_rtl.gen_dly.gen_shiftreg.delay_bus_reg[3][0]) is unused and will be removed from module cordic_v6_0_14_viv.
INFO: [Synth 8-3332] Sequential element (i_synth/gen_sqrt.square_root/gen_iterations[17].gen_post_mid.gen_rem/gen_data_int/gen_rtl.gen_dly.gen_shiftreg.delay_bus_reg[4][0]) is unused and will be removed from module cordic_v6_0_14_viv.
INFO: [Synth 8-3332] Sequential element (i_synth/gen_sqrt.square_root/gen_iterations[17].gen_post_mid.gen_rem/gen_data_int/gen_rtl.gen_dly.gen_shiftreg.delay_bus_reg[5][0]) is unused and will be removed from module cordic_v6_0_14_viv.
INFO: [Synth 8-3332] Sequential element (i_synth/gen_sqrt.square_root/gen_iterations[17].gen_post_mid.gen_rem/gen_data_int/gen_rtl.gen_dly.gen_shiftreg.delay_bus_reg[6][0]) is unused and will be removed from module cordic_v6_0_14_viv.
INFO: [Synth 8-3332] Sequential element (i_synth/gen_sqrt.square_root/gen_iterations[17].gen_post_mid.gen_rem/gen_data_int/gen_rtl.gen_dly.gen_shiftreg.delay_bus_reg[7][0]) is unused and will be removed from module cordic_v6_0_14_viv.
INFO: [Synth 8-3332] Sequential element (i_synth/gen_sqrt.square_root/gen_iterations[17].gen_post_mid.gen_rem/gen_data_int/gen_rtl.gen_dly.gen_shiftreg.delay_bus_reg[8][0]) is unused and will be removed from module cordic_v6_0_14_viv.
INFO: [Synth 8-3332] Sequential element (i_synth/gen_sqrt.square_root/gen_iterations[17].gen_post_mid.gen_rem/gen_data_int/gen_rtl.gen_dly.gen_shiftreg.delay_bus_reg[9][0]) is unused and will be removed from module cordic_v6_0_14_viv.
INFO: [Synth 8-3332] Sequential element (i_synth/gen_sqrt.square_root/gen_iterations[17].gen_post_mid.gen_rem/gen_data_int/gen_rtl.gen_dly.gen_shiftreg.delay_bus_reg[10][0]) is unused and will be removed from module cordic_v6_0_14_viv.
INFO: [Synth 8-3332] Sequential element (i_synth/gen_sqrt.square_root/gen_iterations[17].gen_post_mid.gen_rem/gen_data_int/gen_rtl.gen_dly.gen_shiftreg.delay_bus_reg[11][0]) is unused and will be removed from module cordic_v6_0_14_viv.
INFO: [Synth 8-3332] Sequential element (i_synth/gen_sqrt.square_root/gen_iterations[17].gen_post_mid.gen_rem/gen_data_int/gen_rtl.gen_dly.gen_shiftreg.delay_bus_reg[12][0]) is unused and will be removed from module cordic_v6_0_14_viv.
INFO: [Synth 8-3332] Sequential element (i_synth/gen_sqrt.square_root/gen_iterations[17].gen_post_mid.gen_rem/gen_data_int/gen_rtl.gen_dly.gen_shiftreg.delay_bus_reg[13][0]) is unused and will be removed from module cordic_v6_0_14_viv.
INFO: [Synth 8-3332] Sequential element (i_synth/gen_sqrt.square_root/gen_iterations[18].gen_post_mid.gen_rem/gen_data_int/gen_rtl.gen_dly.gen_shiftreg.delay_bus_reg[0][1]) is unused and will be removed from module cordic_v6_0_14_viv.
INFO: [Synth 8-3332] Sequential element (i_synth/gen_sqrt.square_root/gen_iterations[18].gen_post_mid.gen_rem/gen_data_int/gen_rtl.gen_dly.gen_shiftreg.delay_bus_reg[0][0]) is unused and will be removed from module cordic_v6_0_14_viv.
INFO: [Synth 8-3332] Sequential element (i_synth/gen_sqrt.square_root/gen_iterations[18].gen_post_mid.gen_rem/gen_data_int/gen_rtl.gen_dly.gen_shiftreg.delay_bus_reg[1][1]) is unused and will be removed from module cordic_v6_0_14_viv.
INFO: [Synth 8-3332] Sequential element (i_synth/gen_sqrt.square_root/gen_iterations[18].gen_post_mid.gen_rem/gen_data_int/gen_rtl.gen_dly.gen_shiftreg.delay_bus_reg[1][0]) is unused and will be removed from module cordic_v6_0_14_viv.
INFO: [Synth 8-3332] Sequential element (i_synth/gen_sqrt.square_root/gen_iterations[18].gen_post_mid.gen_rem/gen_data_int/gen_rtl.gen_dly.gen_shiftreg.delay_bus_reg[2][1]) is unused and will be removed from module cordic_v6_0_14_viv.
INFO: [Synth 8-3332] Sequential element (i_synth/gen_sqrt.square_root/gen_iterations[18].gen_post_mid.gen_rem/gen_data_int/gen_rtl.gen_dly.gen_shiftreg.delay_bus_reg[2][0]) is unused and will be removed from module cordic_v6_0_14_viv.
INFO: [Synth 8-3332] Sequential element (i_synth/gen_sqrt.square_root/gen_iterations[18].gen_post_mid.gen_rem/gen_data_int/gen_rtl.gen_dly.gen_shiftreg.delay_bus_reg[3][1]) is unused and will be removed from module cordic_v6_0_14_viv.
INFO: [Synth 8-3332] Sequential element (i_synth/gen_sqrt.square_root/gen_iterations[18].gen_post_mid.gen_rem/gen_data_int/gen_rtl.gen_dly.gen_shiftreg.delay_bus_reg[3][0]) is unused and will be removed from module cordic_v6_0_14_viv.
INFO: [Synth 8-3332] Sequential element (i_synth/gen_sqrt.square_root/gen_iterations[18].gen_post_mid.gen_rem/gen_data_int/gen_rtl.gen_dly.gen_shiftreg.delay_bus_reg[4][1]) is unused and will be removed from module cordic_v6_0_14_viv.
INFO: [Synth 8-3332] Sequential element (i_synth/gen_sqrt.square_root/gen_iterations[18].gen_post_mid.gen_rem/gen_data_int/gen_rtl.gen_dly.gen_shiftreg.delay_bus_reg[4][0]) is unused and will be removed from module cordic_v6_0_14_viv.
INFO: [Synth 8-3332] Sequential element (i_synth/gen_sqrt.square_root/gen_iterations[18].gen_post_mid.gen_rem/gen_data_int/gen_rtl.gen_dly.gen_shiftreg.delay_bus_reg[5][1]) is unused and will be removed from module cordic_v6_0_14_viv.
INFO: [Synth 8-3332] Sequential element (i_synth/gen_sqrt.square_root/gen_iterations[18].gen_post_mid.gen_rem/gen_data_int/gen_rtl.gen_dly.gen_shiftreg.delay_bus_reg[5][0]) is unused and will be removed from module cordic_v6_0_14_viv.
INFO: [Synth 8-3332] Sequential element (i_synth/gen_sqrt.square_root/gen_iterations[18].gen_post_mid.gen_rem/gen_data_int/gen_rtl.gen_dly.gen_shiftreg.delay_bus_reg[6][1]) is unused and will be removed from module cordic_v6_0_14_viv.
INFO: [Synth 8-3332] Sequential element (i_synth/gen_sqrt.square_root/gen_iterations[18].gen_post_mid.gen_rem/gen_data_int/gen_rtl.gen_dly.gen_shiftreg.delay_bus_reg[6][0]) is unused and will be removed from module cordic_v6_0_14_viv.
INFO: [Synth 8-3332] Sequential element (i_synth/gen_sqrt.square_root/gen_iterations[18].gen_post_mid.gen_rem/gen_data_int/gen_rtl.gen_dly.gen_shiftreg.delay_bus_reg[7][1]) is unused and will be removed from module cordic_v6_0_14_viv.
INFO: [Synth 8-3332] Sequential element (i_synth/gen_sqrt.square_root/gen_iterations[18].gen_post_mid.gen_rem/gen_data_int/gen_rtl.gen_dly.gen_shiftreg.delay_bus_reg[7][0]) is unused and will be removed from module cordic_v6_0_14_viv.
INFO: [Synth 8-3332] Sequential element (i_synth/gen_sqrt.square_root/gen_iterations[18].gen_post_mid.gen_rem/gen_data_int/gen_rtl.gen_dly.gen_shiftreg.delay_bus_reg[8][1]) is unused and will be removed from module cordic_v6_0_14_viv.
INFO: [Synth 8-3332] Sequential element (i_synth/gen_sqrt.square_root/gen_iterations[18].gen_post_mid.gen_rem/gen_data_int/gen_rtl.gen_dly.gen_shiftreg.delay_bus_reg[8][0]) is unused and will be removed from module cordic_v6_0_14_viv.
INFO: [Synth 8-3332] Sequential element (i_synth/gen_sqrt.square_root/gen_iterations[18].gen_post_mid.gen_rem/gen_data_int/gen_rtl.gen_dly.gen_shiftreg.delay_bus_reg[9][1]) is unused and will be removed from module cordic_v6_0_14_viv.
INFO: [Synth 8-3332] Sequential element (i_synth/gen_sqrt.square_root/gen_iterations[18].gen_post_mid.gen_rem/gen_data_int/gen_rtl.gen_dly.gen_shiftreg.delay_bus_reg[9][0]) is unused and will be removed from module cordic_v6_0_14_viv.
INFO: [Synth 8-3332] Sequential element (i_synth/gen_sqrt.square_root/gen_iterations[18].gen_post_mid.gen_rem/gen_data_int/gen_rtl.gen_dly.gen_shiftreg.delay_bus_reg[10][1]) is unused and will be removed from module cordic_v6_0_14_viv.
INFO: [Synth 8-3332] Sequential element (i_synth/gen_sqrt.square_root/gen_iterations[18].gen_post_mid.gen_rem/gen_data_int/gen_rtl.gen_dly.gen_shiftreg.delay_bus_reg[10][0]) is unused and will be removed from module cordic_v6_0_14_viv.
INFO: [Synth 8-3332] Sequential element (i_synth/gen_sqrt.square_root/gen_iterations[18].gen_post_mid.gen_rem/gen_data_int/gen_rtl.gen_dly.gen_shiftreg.delay_bus_reg[11][1]) is unused and will be removed from module cordic_v6_0_14_viv.
INFO: [Synth 8-3332] Sequential element (i_synth/gen_sqrt.square_root/gen_iterations[18].gen_post_mid.gen_rem/gen_data_int/gen_rtl.gen_dly.gen_shiftreg.delay_bus_reg[11][0]) is unused and will be removed from module cordic_v6_0_14_viv.
INFO: [Synth 8-3332] Sequential element (i_synth/gen_sqrt.square_root/gen_iterations[18].gen_post_mid.gen_rem/gen_data_int/gen_rtl.gen_dly.gen_shiftreg.delay_bus_reg[12][1]) is unused and will be removed from module cordic_v6_0_14_viv.
INFO: [Synth 8-3332] Sequential element (i_synth/gen_sqrt.square_root/gen_iterations[18].gen_post_mid.gen_rem/gen_data_int/gen_rtl.gen_dly.gen_shiftreg.delay_bus_reg[12][0]) is unused and will be removed from module cordic_v6_0_14_viv.
INFO: [Synth 8-3332] Sequential element (i_synth/gen_sqrt.square_root/gen_iterations[18].gen_post_mid.gen_rem/gen_data_int/gen_rtl.gen_dly.gen_shiftreg.delay_bus_reg[13][1]) is unused and will be removed from module cordic_v6_0_14_viv.
INFO: [Synth 8-3332] Sequential element (i_synth/gen_sqrt.square_root/gen_iterations[18].gen_post_mid.gen_rem/gen_data_int/gen_rtl.gen_dly.gen_shiftreg.delay_bus_reg[13][0]) is unused and will be removed from module cordic_v6_0_14_viv.
INFO: [Synth 8-3332] Sequential element (i_synth/gen_sqrt.square_root/gen_iterations[18].gen_post_mid.gen_rem/gen_data_int/gen_rtl.gen_dly.gen_shiftreg.delay_bus_reg[14][1]) is unused and will be removed from module cordic_v6_0_14_viv.
INFO: [Synth 8-3332] Sequential element (i_synth/gen_sqrt.square_root/gen_iterations[18].gen_post_mid.gen_rem/gen_data_int/gen_rtl.gen_dly.gen_shiftreg.delay_bus_reg[14][0]) is unused and will be removed from module cordic_v6_0_14_viv.
INFO: [Synth 8-3332] Sequential element (i_synth/gen_sqrt.square_root/gen_iterations[19].gen_post_mid.gen_rem/gen_data_int/gen_rtl.gen_dly.gen_shiftreg.delay_bus_reg[0][1]) is unused and will be removed from module cordic_v6_0_14_viv.
INFO: [Synth 8-3332] Sequential element (i_synth/gen_sqrt.square_root/gen_iterations[19].gen_post_mid.gen_rem/gen_data_int/gen_rtl.gen_dly.gen_shiftreg.delay_bus_reg[0][0]) is unused and will be removed from module cordic_v6_0_14_viv.
INFO: [Synth 8-3332] Sequential element (i_synth/gen_sqrt.square_root/gen_iterations[19].gen_post_mid.gen_rem/gen_data_int/gen_rtl.gen_dly.gen_shiftreg.delay_bus_reg[1][1]) is unused and will be removed from module cordic_v6_0_14_viv.
INFO: [Synth 8-3332] Sequential element (i_synth/gen_sqrt.square_root/gen_iterations[19].gen_post_mid.gen_rem/gen_data_int/gen_rtl.gen_dly.gen_shiftreg.delay_bus_reg[1][0]) is unused and will be removed from module cordic_v6_0_14_viv.
INFO: [Synth 8-3332] Sequential element (i_synth/gen_sqrt.square_root/gen_iterations[19].gen_post_mid.gen_rem/gen_data_int/gen_rtl.gen_dly.gen_shiftreg.delay_bus_reg[2][1]) is unused and will be removed from module cordic_v6_0_14_viv.
INFO: [Synth 8-3332] Sequential element (i_synth/gen_sqrt.square_root/gen_iterations[19].gen_post_mid.gen_rem/gen_data_int/gen_rtl.gen_dly.gen_shiftreg.delay_bus_reg[2][0]) is unused and will be removed from module cordic_v6_0_14_viv.
INFO: [Synth 8-3332] Sequential element (i_synth/gen_sqrt.square_root/gen_iterations[19].gen_post_mid.gen_rem/gen_data_int/gen_rtl.gen_dly.gen_shiftreg.delay_bus_reg[3][1]) is unused and will be removed from module cordic_v6_0_14_viv.
INFO: [Synth 8-3332] Sequential element (i_synth/gen_sqrt.square_root/gen_iterations[19].gen_post_mid.gen_rem/gen_data_int/gen_rtl.gen_dly.gen_shiftreg.delay_bus_reg[3][0]) is unused and will be removed from module cordic_v6_0_14_viv.
INFO: [Synth 8-3332] Sequential element (i_synth/gen_sqrt.square_root/gen_iterations[19].gen_post_mid.gen_rem/gen_data_int/gen_rtl.gen_dly.gen_shiftreg.delay_bus_reg[4][1]) is unused and will be removed from module cordic_v6_0_14_viv.
INFO: [Synth 8-3332] Sequential element (i_synth/gen_sqrt.square_root/gen_iterations[19].gen_post_mid.gen_rem/gen_data_int/gen_rtl.gen_dly.gen_shiftreg.delay_bus_reg[4][0]) is unused and will be removed from module cordic_v6_0_14_viv.
INFO: [Synth 8-3332] Sequential element (i_synth/gen_sqrt.square_root/gen_iterations[19].gen_post_mid.gen_rem/gen_data_int/gen_rtl.gen_dly.gen_shiftreg.delay_bus_reg[5][1]) is unused and will be removed from module cordic_v6_0_14_viv.
INFO: [Synth 8-3332] Sequential element (i_synth/gen_sqrt.square_root/gen_iterations[19].gen_post_mid.gen_rem/gen_data_int/gen_rtl.gen_dly.gen_shiftreg.delay_bus_reg[5][0]) is unused and will be removed from module cordic_v6_0_14_viv.
INFO: [Synth 8-3332] Sequential element (i_synth/gen_sqrt.square_root/gen_iterations[19].gen_post_mid.gen_rem/gen_data_int/gen_rtl.gen_dly.gen_shiftreg.delay_bus_reg[6][1]) is unused and will be removed from module cordic_v6_0_14_viv.
INFO: [Synth 8-3332] Sequential element (i_synth/gen_sqrt.square_root/gen_iterations[19].gen_post_mid.gen_rem/gen_data_int/gen_rtl.gen_dly.gen_shiftreg.delay_bus_reg[6][0]) is unused and will be removed from module cordic_v6_0_14_viv.
INFO: [Synth 8-3332] Sequential element (i_synth/gen_sqrt.square_root/gen_iterations[19].gen_post_mid.gen_rem/gen_data_int/gen_rtl.gen_dly.gen_shiftreg.delay_bus_reg[7][1]) is unused and will be removed from module cordic_v6_0_14_viv.
INFO: [Synth 8-3332] Sequential element (i_synth/gen_sqrt.square_root/gen_iterations[19].gen_post_mid.gen_rem/gen_data_int/gen_rtl.gen_dly.gen_shiftreg.delay_bus_reg[7][0]) is unused and will be removed from module cordic_v6_0_14_viv.
INFO: [Synth 8-3332] Sequential element (i_synth/gen_sqrt.square_root/gen_iterations[19].gen_post_mid.gen_rem/gen_data_int/gen_rtl.gen_dly.gen_shiftreg.delay_bus_reg[8][1]) is unused and will be removed from module cordic_v6_0_14_viv.
INFO: [Synth 8-3332] Sequential element (i_synth/gen_sqrt.square_root/gen_iterations[19].gen_post_mid.gen_rem/gen_data_int/gen_rtl.gen_dly.gen_shiftreg.delay_bus_reg[8][0]) is unused and will be removed from module cordic_v6_0_14_viv.
INFO: [Synth 8-3332] Sequential element (i_synth/gen_sqrt.square_root/gen_iterations[19].gen_post_mid.gen_rem/gen_data_int/gen_rtl.gen_dly.gen_shiftreg.delay_bus_reg[9][1]) is unused and will be removed from module cordic_v6_0_14_viv.
INFO: [Synth 8-3332] Sequential element (i_synth/gen_sqrt.square_root/gen_iterations[19].gen_post_mid.gen_rem/gen_data_int/gen_rtl.gen_dly.gen_shiftreg.delay_bus_reg[9][0]) is unused and will be removed from module cordic_v6_0_14_viv.
INFO: [Synth 8-3332] Sequential element (i_synth/gen_sqrt.square_root/gen_iterations[19].gen_post_mid.gen_rem/gen_data_int/gen_rtl.gen_dly.gen_shiftreg.delay_bus_reg[10][1]) is unused and will be removed from module cordic_v6_0_14_viv.
INFO: [Synth 8-3332] Sequential element (i_synth/gen_sqrt.square_root/gen_iterations[19].gen_post_mid.gen_rem/gen_data_int/gen_rtl.gen_dly.gen_shiftreg.delay_bus_reg[10][0]) is unused and will be removed from module cordic_v6_0_14_viv.
INFO: [Synth 8-3332] Sequential element (i_synth/gen_sqrt.square_root/gen_iterations[19].gen_post_mid.gen_rem/gen_data_int/gen_rtl.gen_dly.gen_shiftreg.delay_bus_reg[11][1]) is unused and will be removed from module cordic_v6_0_14_viv.
INFO: [Synth 8-3332] Sequential element (i_synth/gen_sqrt.square_root/gen_iterations[19].gen_post_mid.gen_rem/gen_data_int/gen_rtl.gen_dly.gen_shiftreg.delay_bus_reg[11][0]) is unused and will be removed from module cordic_v6_0_14_viv.
INFO: [Synth 8-3332] Sequential element (i_synth/gen_sqrt.square_root/gen_iterations[19].gen_post_mid.gen_rem/gen_data_int/gen_rtl.gen_dly.gen_shiftreg.delay_bus_reg[12][1]) is unused and will be removed from module cordic_v6_0_14_viv.
INFO: [Synth 8-3332] Sequential element (i_synth/gen_sqrt.square_root/gen_iterations[19].gen_post_mid.gen_rem/gen_data_int/gen_rtl.gen_dly.gen_shiftreg.delay_bus_reg[12][0]) is unused and will be removed from module cordic_v6_0_14_viv.
INFO: [Synth 8-3332] Sequential element (i_synth/gen_sqrt.square_root/gen_iterations[19].gen_post_mid.gen_rem/gen_data_int/gen_rtl.gen_dly.gen_shiftreg.delay_bus_reg[13][1]) is unused and will be removed from module cordic_v6_0_14_viv.
INFO: [Synth 8-3332] Sequential element (i_synth/gen_sqrt.square_root/gen_iterations[19].gen_post_mid.gen_rem/gen_data_int/gen_rtl.gen_dly.gen_shiftreg.delay_bus_reg[13][0]) is unused and will be removed from module cordic_v6_0_14_viv.
INFO: [Synth 8-3332] Sequential element (i_synth/gen_sqrt.square_root/gen_iterations[19].gen_post_mid.gen_rem/gen_data_int/gen_rtl.gen_dly.gen_shiftreg.delay_bus_reg[14][1]) is unused and will be removed from module cordic_v6_0_14_viv.
INFO: [Synth 8-3332] Sequential element (i_synth/gen_sqrt.square_root/gen_iterations[19].gen_post_mid.gen_rem/gen_data_int/gen_rtl.gen_dly.gen_shiftreg.delay_bus_reg[14][0]) is unused and will be removed from module cordic_v6_0_14_viv.
INFO: [Synth 8-3332] Sequential element (i_synth/gen_sqrt.square_root/gen_iterations[19].gen_post_mid.gen_rem/gen_data_int/gen_rtl.gen_dly.gen_shiftreg.delay_bus_reg[15][1]) is unused and will be removed from module cordic_v6_0_14_viv.
INFO: [Synth 8-3332] Sequential element (i_synth/gen_sqrt.square_root/gen_iterations[19].gen_post_mid.gen_rem/gen_data_int/gen_rtl.gen_dly.gen_shiftreg.delay_bus_reg[15][0]) is unused and will be removed from module cordic_v6_0_14_viv.
INFO: [Synth 8-3332] Sequential element (i_synth/gen_sqrt.square_root/gen_iterations[20].gen_post_mid.gen_rem/gen_data_int/gen_rtl.gen_dly.gen_shiftreg.delay_bus_reg[0][1]) is unused and will be removed from module cordic_v6_0_14_viv.
INFO: [Synth 8-3332] Sequential element (i_synth/gen_sqrt.square_root/gen_iterations[20].gen_post_mid.gen_rem/gen_data_int/gen_rtl.gen_dly.gen_shiftreg.delay_bus_reg[0][0]) is unused and will be removed from module cordic_v6_0_14_viv.
INFO: [Synth 8-3332] Sequential element (i_synth/gen_sqrt.square_root/gen_iterations[20].gen_post_mid.gen_rem/gen_data_int/gen_rtl.gen_dly.gen_shiftreg.delay_bus_reg[1][1]) is unused and will be removed from module cordic_v6_0_14_viv.
INFO: [Synth 8-3332] Sequential element (i_synth/gen_sqrt.square_root/gen_iterations[20].gen_post_mid.gen_rem/gen_data_int/gen_rtl.gen_dly.gen_shiftreg.delay_bus_reg[1][0]) is unused and will be removed from module cordic_v6_0_14_viv.
INFO: [Synth 8-3332] Sequential element (i_synth/gen_sqrt.square_root/gen_iterations[20].gen_post_mid.gen_rem/gen_data_int/gen_rtl.gen_dly.gen_shiftreg.delay_bus_reg[2][1]) is unused and will be removed from module cordic_v6_0_14_viv.
INFO: [Synth 8-3332] Sequential element (i_synth/gen_sqrt.square_root/gen_iterations[20].gen_post_mid.gen_rem/gen_data_int/gen_rtl.gen_dly.gen_shiftreg.delay_bus_reg[2][0]) is unused and will be removed from module cordic_v6_0_14_viv.
INFO: [Synth 8-3332] Sequential element (i_synth/gen_sqrt.square_root/gen_iterations[20].gen_post_mid.gen_rem/gen_data_int/gen_rtl.gen_dly.gen_shiftreg.delay_bus_reg[3][1]) is unused and will be removed from module cordic_v6_0_14_viv.
INFO: [Synth 8-3332] Sequential element (i_synth/gen_sqrt.square_root/gen_iterations[20].gen_post_mid.gen_rem/gen_data_int/gen_rtl.gen_dly.gen_shiftreg.delay_bus_reg[3][0]) is unused and will be removed from module cordic_v6_0_14_viv.
INFO: [Synth 8-3332] Sequential element (i_synth/gen_sqrt.square_root/gen_iterations[20].gen_post_mid.gen_rem/gen_data_int/gen_rtl.gen_dly.gen_shiftreg.delay_bus_reg[4][1]) is unused and will be removed from module cordic_v6_0_14_viv.
INFO: [Synth 8-3332] Sequential element (i_synth/gen_sqrt.square_root/gen_iterations[20].gen_post_mid.gen_rem/gen_data_int/gen_rtl.gen_dly.gen_shiftreg.delay_bus_reg[4][0]) is unused and will be removed from module cordic_v6_0_14_viv.
INFO: [Synth 8-3332] Sequential element (i_synth/gen_sqrt.square_root/gen_iterations[20].gen_post_mid.gen_rem/gen_data_int/gen_rtl.gen_dly.gen_shiftreg.delay_bus_reg[5][1]) is unused and will be removed from module cordic_v6_0_14_viv.
INFO: [Synth 8-3332] Sequential element (i_synth/gen_sqrt.square_root/gen_iterations[20].gen_post_mid.gen_rem/gen_data_int/gen_rtl.gen_dly.gen_shiftreg.delay_bus_reg[5][0]) is unused and will be removed from module cordic_v6_0_14_viv.
INFO: [Synth 8-3332] Sequential element (i_synth/gen_sqrt.square_root/gen_iterations[20].gen_post_mid.gen_rem/gen_data_int/gen_rtl.gen_dly.gen_shiftreg.delay_bus_reg[6][1]) is unused and will be removed from module cordic_v6_0_14_viv.
INFO: [Synth 8-3332] Sequential element (i_synth/gen_sqrt.square_root/gen_iterations[20].gen_post_mid.gen_rem/gen_data_int/gen_rtl.gen_dly.gen_shiftreg.delay_bus_reg[6][0]) is unused and will be removed from module cordic_v6_0_14_viv.
INFO: [Synth 8-3332] Sequential element (i_synth/gen_sqrt.square_root/gen_iterations[20].gen_post_mid.gen_rem/gen_data_int/gen_rtl.gen_dly.gen_shiftreg.delay_bus_reg[7][1]) is unused and will be removed from module cordic_v6_0_14_viv.
INFO: [Synth 8-3332] Sequential element (i_synth/gen_sqrt.square_root/gen_iterations[20].gen_post_mid.gen_rem/gen_data_int/gen_rtl.gen_dly.gen_shiftreg.delay_bus_reg[7][0]) is unused and will be removed from module cordic_v6_0_14_viv.
INFO: [Synth 8-3332] Sequential element (i_synth/gen_sqrt.square_root/gen_iterations[20].gen_post_mid.gen_rem/gen_data_int/gen_rtl.gen_dly.gen_shiftreg.delay_bus_reg[8][1]) is unused and will be removed from module cordic_v6_0_14_viv.
INFO: [Synth 8-3332] Sequential element (i_synth/gen_sqrt.square_root/gen_iterations[20].gen_post_mid.gen_rem/gen_data_int/gen_rtl.gen_dly.gen_shiftreg.delay_bus_reg[8][0]) is unused and will be removed from module cordic_v6_0_14_viv.
INFO: [Synth 8-3332] Sequential element (i_synth/gen_sqrt.square_root/gen_iterations[20].gen_post_mid.gen_rem/gen_data_int/gen_rtl.gen_dly.gen_shiftreg.delay_bus_reg[9][1]) is unused and will be removed from module cordic_v6_0_14_viv.
INFO: [Synth 8-3332] Sequential element (i_synth/gen_sqrt.square_root/gen_iterations[20].gen_post_mid.gen_rem/gen_data_int/gen_rtl.gen_dly.gen_shiftreg.delay_bus_reg[9][0]) is unused and will be removed from module cordic_v6_0_14_viv.
INFO: [Synth 8-3332] Sequential element (i_synth/gen_sqrt.square_root/gen_iterations[20].gen_post_mid.gen_rem/gen_data_int/gen_rtl.gen_dly.gen_shiftreg.delay_bus_reg[10][1]) is unused and will be removed from module cordic_v6_0_14_viv.
INFO: [Synth 8-3332] Sequential element (i_synth/gen_sqrt.square_root/gen_iterations[20].gen_post_mid.gen_rem/gen_data_int/gen_rtl.gen_dly.gen_shiftreg.delay_bus_reg[10][0]) is unused and will be removed from module cordic_v6_0_14_viv.
INFO: [Synth 8-3332] Sequential element (i_synth/gen_sqrt.square_root/gen_iterations[20].gen_post_mid.gen_rem/gen_data_int/gen_rtl.gen_dly.gen_shiftreg.delay_bus_reg[11][1]) is unused and will be removed from module cordic_v6_0_14_viv.
INFO: [Synth 8-3332] Sequential element (i_synth/gen_sqrt.square_root/gen_iterations[20].gen_post_mid.gen_rem/gen_data_int/gen_rtl.gen_dly.gen_shiftreg.delay_bus_reg[11][0]) is unused and will be removed from module cordic_v6_0_14_viv.
INFO: [Common 17-14] Message 'Synth 8-3332' appears 100 times and further instances of the messages will be disabled. Use the Tcl command set_msg_config to change the current settings.
---------------------------------------------------------------------------------
Finished Cross Boundary and Area Optimization : Time (s): cpu = 00:00:33 ; elapsed = 00:00:39 . Memory (MB): peak = 922.582 ; gain = 573.375
---------------------------------------------------------------------------------

Report RTL Partitions: 
+-+--------------+------------+----------+
| |RTL Partition |Replication |Instances |
+-+--------------+------------+----------+
+-+--------------+------------+----------+
---------------------------------------------------------------------------------
Start Applying XDC Timing Constraints
---------------------------------------------------------------------------------
---------------------------------------------------------------------------------
Finished Applying XDC Timing Constraints : Time (s): cpu = 00:00:39 ; elapsed = 00:00:48 . Memory (MB): peak = 922.582 ; gain = 573.375
---------------------------------------------------------------------------------
---------------------------------------------------------------------------------
Start Timing Optimization
---------------------------------------------------------------------------------
---------------------------------------------------------------------------------
Finished Timing Optimization : Time (s): cpu = 00:00:39 ; elapsed = 00:00:48 . Memory (MB): peak = 922.582 ; gain = 573.375
---------------------------------------------------------------------------------

Report RTL Partitions: 
+-+--------------+------------+----------+
| |RTL Partition |Replication |Instances |
+-+--------------+------------+----------+
+-+--------------+------------+----------+
---------------------------------------------------------------------------------
Start Technology Mapping
---------------------------------------------------------------------------------
---------------------------------------------------------------------------------
Finished Technology Mapping : Time (s): cpu = 00:00:40 ; elapsed = 00:00:48 . Memory (MB): peak = 922.582 ; gain = 573.375
---------------------------------------------------------------------------------

Report RTL Partitions: 
+-+--------------+------------+----------+
| |RTL Partition |Replication |Instances |
+-+--------------+------------+----------+
+-+--------------+------------+----------+
---------------------------------------------------------------------------------
Start IO Insertion
---------------------------------------------------------------------------------
---------------------------------------------------------------------------------
Start Flattening Before IO Insertion
---------------------------------------------------------------------------------
---------------------------------------------------------------------------------
Finished Flattening Before IO Insertion
---------------------------------------------------------------------------------
---------------------------------------------------------------------------------
Start Final Netlist Cleanup
---------------------------------------------------------------------------------
---------------------------------------------------------------------------------
Finished Final Netlist Cleanup
---------------------------------------------------------------------------------
---------------------------------------------------------------------------------
Finished IO Insertion : Time (s): cpu = 00:00:40 ; elapsed = 00:00:49 . Memory (MB): peak = 922.582 ; gain = 573.375
---------------------------------------------------------------------------------

Report Check Netlist: 
+------+------------------+-------+---------+-------+------------------+
|      |Item              |Errors |Warnings |Status |Description       |
+------+------------------+-------+---------+-------+------------------+
|1     |multi_driven_nets |      0|        0|Passed |Multi driven nets |
+------+------------------+-------+---------+-------+------------------+
---------------------------------------------------------------------------------
Start Renaming Generated Instances
---------------------------------------------------------------------------------
---------------------------------------------------------------------------------
Finished Renaming Generated Instances : Time (s): cpu = 00:00:40 ; elapsed = 00:00:49 . Memory (MB): peak = 922.582 ; gain = 573.375
---------------------------------------------------------------------------------

Report RTL Partitions: 
+-+--------------+------------+----------+
| |RTL Partition |Replication |Instances |
+-+--------------+------------+----------+
+-+--------------+------------+----------+
---------------------------------------------------------------------------------
Start Rebuilding User Hierarchy
---------------------------------------------------------------------------------
---------------------------------------------------------------------------------
Finished Rebuilding User Hierarchy : Time (s): cpu = 00:00:41 ; elapsed = 00:00:49 . Memory (MB): peak = 922.582 ; gain = 573.375
---------------------------------------------------------------------------------
---------------------------------------------------------------------------------
Start Renaming Generated Ports
---------------------------------------------------------------------------------
---------------------------------------------------------------------------------
Finished Renaming Generated Ports : Time (s): cpu = 00:00:41 ; elapsed = 00:00:49 . Memory (MB): peak = 922.582 ; gain = 573.375
---------------------------------------------------------------------------------
---------------------------------------------------------------------------------
Start Handling Custom Attributes
---------------------------------------------------------------------------------
---------------------------------------------------------------------------------
Finished Handling Custom Attributes : Time (s): cpu = 00:00:41 ; elapsed = 00:00:49 . Memory (MB): peak = 922.582 ; gain = 573.375
---------------------------------------------------------------------------------
---------------------------------------------------------------------------------
Start Renaming Generated Nets
---------------------------------------------------------------------------------
---------------------------------------------------------------------------------
Finished Renaming Generated Nets : Time (s): cpu = 00:00:41 ; elapsed = 00:00:49 . Memory (MB): peak = 922.582 ; gain = 573.375
---------------------------------------------------------------------------------
---------------------------------------------------------------------------------
Start Writing Synthesis Report
---------------------------------------------------------------------------------

Report BlackBoxes: 
+-+--------------+----------+
| |BlackBox name |Instances |
+-+--------------+----------+
+-+--------------+----------+

Report Cell Usage: 
+------+--------+------+
|      |Cell    |Count |
+------+--------+------+
|1     |LUT1    |    82|
|2     |LUT2    |   281|
|3     |LUT3    |   282|
|4     |LUT5    |     2|
|5     |MUXCY   |   341|
|6     |SRL16E  |    25|
|7     |SRLC32E |     1|
|8     |XORCY   |   309|
|9     |FDRE    |   699|
+------+--------+------+
---------------------------------------------------------------------------------
Finished Writing Synthesis Report : Time (s): cpu = 00:00:41 ; elapsed = 00:00:49 . Memory (MB): peak = 922.582 ; gain = 573.375
---------------------------------------------------------------------------------
Synthesis finished with 0 errors, 0 critical warnings and 216 warnings.
Synthesis Optimization Runtime : Time (s): cpu = 00:00:15 ; elapsed = 00:00:41 . Memory (MB): peak = 922.582 ; gain = 329.574
Synthesis Optimization Complete : Time (s): cpu = 00:00:41 ; elapsed = 00:00:50 . Memory (MB): peak = 922.582 ; gain = 573.375
INFO: [Project 1-571] Translating synthesized netlist
INFO: [Netlist 29-17] Analyzing 650 Unisim elements for replacement
INFO: [Netlist 29-28] Unisim Transformation completed in 0 CPU seconds
INFO: [Project 1-570] Preparing netlist for logic optimization
INFO: [Opt 31-138] Pushed 0 inverter(s) to 0 load pin(s).
INFO: [Project 1-111] Unisim Transformation Summary:
  A total of 99 instances were transformed.
  (MUXCY,XORCY) => CARRY4: 99 instances

INFO: [Common 17-83] Releasing license: Synthesis
219 Infos, 100 Warnings, 0 Critical Warnings and 0 Errors encountered.
synth_design completed successfully
synth_design: Time (s): cpu = 00:00:44 ; elapsed = 00:00:54 . Memory (MB): peak = 922.582 ; gain = 584.859
WARNING: [Constraints 18-5210] No constraint will be written out.
INFO: [Common 17-1381] The checkpoint 'F:/image_process/Sobel/prj/prj/prj.runs/Square_Root_synth_1/Square_Root.dcp' has been generated.
