# do {tb_compile.do}
# ** Warning: (vlib-34) Library already exists at "modelsim_lib/work".
# ** Warning: (vlib-34) Library already exists at "modelsim_lib/msim".
# ** Warning: (vlib-34) Library already exists at "modelsim_lib/msim/xil_defaultlib".
# ** Warning: (vlib-34) Library already exists at "modelsim_lib/msim/xpm".
# ** Warning: (vlib-34) Library already exists at "modelsim_lib/msim/xbip_utils_v3_0_9".
# ** Warning: (vlib-34) Library already exists at "modelsim_lib/msim/c_reg_fd_v12_0_5".
# ** Warning: (vlib-34) Library already exists at "modelsim_lib/msim/xbip_dsp48_wrapper_v3_0_4".
# ** Warning: (vlib-34) Library already exists at "modelsim_lib/msim/xbip_pipe_v3_0_5".
# ** Warning: (vlib-34) Library already exists at "modelsim_lib/msim/xbip_dsp48_addsub_v3_0_5".
# ** Warning: (vlib-34) Library already exists at "modelsim_lib/msim/xbip_addsub_v3_0_5".
# ** Warning: (vlib-34) Library already exists at "modelsim_lib/msim/c_addsub_v12_0_12".
# ** Warning: (vlib-34) Library already exists at "modelsim_lib/msim/xbip_bram18k_v3_0_5".
# ** Warning: (vlib-34) Library already exists at "modelsim_lib/msim/mult_gen_v12_0_14".
# ** Warning: (vlib-34) Library already exists at "modelsim_lib/msim/axi_utils_v2_0_5".
# ** Warning: (vlib-34) Library already exists at "modelsim_lib/msim/cordic_v6_0_14".
# ** Warning: (vlib-34) Library already exists at "modelsim_lib/msim/fifo_generator_v13_2_2".
# Model Technology ModelSim DE-64 vmap 10.6c Lib Mapping Utility 2017.07 Jul 26 2017
# vmap xil_defaultlib modelsim_lib/msim/xil_defaultlib 
# Modifying modelsim.ini
# Model Technology ModelSim DE-64 vmap 10.6c Lib Mapping Utility 2017.07 Jul 26 2017
# vmap xpm modelsim_lib/msim/xpm 
# Modifying modelsim.ini
# Model Technology ModelSim DE-64 vmap 10.6c Lib Mapping Utility 2017.07 Jul 26 2017
# vmap xbip_utils_v3_0_9 modelsim_lib/msim/xbip_utils_v3_0_9 
# Modifying modelsim.ini
# Model Technology ModelSim DE-64 vmap 10.6c Lib Mapping Utility 2017.07 Jul 26 2017
# vmap c_reg_fd_v12_0_5 modelsim_lib/msim/c_reg_fd_v12_0_5 
# Modifying modelsim.ini
# Model Technology ModelSim DE-64 vmap 10.6c Lib Mapping Utility 2017.07 Jul 26 2017
# vmap xbip_dsp48_wrapper_v3_0_4 modelsim_lib/msim/xbip_dsp48_wrapper_v3_0_4 
# Modifying modelsim.ini
# Model Technology ModelSim DE-64 vmap 10.6c Lib Mapping Utility 2017.07 Jul 26 2017
# vmap xbip_pipe_v3_0_5 modelsim_lib/msim/xbip_pipe_v3_0_5 
# Modifying modelsim.ini
# Model Technology ModelSim DE-64 vmap 10.6c Lib Mapping Utility 2017.07 Jul 26 2017
# vmap xbip_dsp48_addsub_v3_0_5 modelsim_lib/msim/xbip_dsp48_addsub_v3_0_5 
# Modifying modelsim.ini
# Model Technology ModelSim DE-64 vmap 10.6c Lib Mapping Utility 2017.07 Jul 26 2017
# vmap xbip_addsub_v3_0_5 modelsim_lib/msim/xbip_addsub_v3_0_5 
# Modifying modelsim.ini
# Model Technology ModelSim DE-64 vmap 10.6c Lib Mapping Utility 2017.07 Jul 26 2017
# vmap c_addsub_v12_0_12 modelsim_lib/msim/c_addsub_v12_0_12 
# Modifying modelsim.ini
# Model Technology ModelSim DE-64 vmap 10.6c Lib Mapping Utility 2017.07 Jul 26 2017
# vmap xbip_bram18k_v3_0_5 modelsim_lib/msim/xbip_bram18k_v3_0_5 
# Modifying modelsim.ini
# Model Technology ModelSim DE-64 vmap 10.6c Lib Mapping Utility 2017.07 Jul 26 2017
# vmap mult_gen_v12_0_14 modelsim_lib/msim/mult_gen_v12_0_14 
# Modifying modelsim.ini
# Model Technology ModelSim DE-64 vmap 10.6c Lib Mapping Utility 2017.07 Jul 26 2017
# vmap axi_utils_v2_0_5 modelsim_lib/msim/axi_utils_v2_0_5 
# Modifying modelsim.ini
# Model Technology ModelSim DE-64 vmap 10.6c Lib Mapping Utility 2017.07 Jul 26 2017
# vmap cordic_v6_0_14 modelsim_lib/msim/cordic_v6_0_14 
# Modifying modelsim.ini
# Model Technology ModelSim DE-64 vmap 10.6c Lib Mapping Utility 2017.07 Jul 26 2017
# vmap fifo_generator_v13_2_2 modelsim_lib/msim/fifo_generator_v13_2_2 
# Modifying modelsim.ini
# ** Warning: (vlog-159) Mode option -64 is not supported in this context and will be ignored.
# Model Technology ModelSim DE-64 vlog 10.6c Compiler 2017.07 Jul 26 2017
# Start time: 18:14:44 on Mar 18,2023
# vlog -64 -incr -sv -work xil_defaultlib E:/Xilinx/Vivado2018/Vivado/2018.2/data/ip/xpm/xpm_cdc/hdl/xpm_cdc.sv E:/Xilinx/Vivado2018/Vivado/2018.2/data/ip/xpm/xpm_memory/hdl/xpm_memory.sv 
# -- Skipping module xpm_cdc_single
# -- Skipping module xpm_cdc_gray
# -- Skipping module xpm_cdc_handshake
# -- Skipping module xpm_cdc_pulse
# -- Skipping module xpm_cdc_array_single
# -- Skipping module xpm_cdc_sync_rst
# -- Skipping module xpm_cdc_async_rst
# -- Skipping module xpm_memory_base
# -- Skipping module asym_bwe_bb
# -- Skipping module xpm_memory_dpdistram
# -- Skipping module xpm_memory_dprom
# -- Skipping module xpm_memory_sdpram
# -- Skipping module xpm_memory_spram
# -- Skipping module xpm_memory_sprom
# -- Skipping module xpm_memory_tdpram
# 
# Top level modules:
# 	xpm_cdc_gray
# 	xpm_cdc_handshake
# 	xpm_cdc_pulse
# 	xpm_cdc_array_single
# 	xpm_cdc_sync_rst
# 	xpm_cdc_async_rst
# 	xpm_memory_dpdistram
# 	xpm_memory_dprom
# 	xpm_memory_sdpram
# 	xpm_memory_spram
# 	xpm_memory_sprom
# 	xpm_memory_tdpram
# End time: 18:14:44 on Mar 18,2023, Elapsed time: 0:00:00
# Errors: 0, Warnings: 1
# ** Warning: (vcom-159) Mode option -64 is not supported in this context and will be ignored.
# Model Technology ModelSim DE-64 vcom 10.6c Compiler 2017.07 Jul 26 2017
# Start time: 18:14:44 on Mar 18,2023
# vcom -64 -93 -work xpm E:/Xilinx/Vivado2018/Vivado/2018.2/data/ip/xpm/xpm_VCOMP.vhd 
# -- Loading package STANDARD
# -- Loading package TEXTIO
# -- Loading package std_logic_1164
# -- Compiling package VCOMPONENTS
# End time: 18:14:44 on Mar 18,2023, Elapsed time: 0:00:00
# Errors: 0, Warnings: 1
# ** Warning: (vcom-159) Mode option -64 is not supported in this context and will be ignored.
# Model Technology ModelSim DE-64 vcom 10.6c Compiler 2017.07 Jul 26 2017
# Start time: 18:14:44 on Mar 18,2023
# vcom -64 -93 -work xbip_utils_v3_0_9 ../../../../prj.ip_user_files/ipstatic/hdl/xbip_utils_v3_0_vh_rfs.vhd 
# -- Loading package STANDARD
# End time: 18:14:45 on Mar 18,2023, Elapsed time: 0:00:01
# Errors: 0, Warnings: 1
# ** Warning: (vcom-159) Mode option -64 is not supported in this context and will be ignored.
# Model Technology ModelSim DE-64 vcom 10.6c Compiler 2017.07 Jul 26 2017
# Start time: 18:14:45 on Mar 18,2023
# vcom -64 -93 -work c_reg_fd_v12_0_5 ../../../../prj.ip_user_files/ipstatic/hdl/c_reg_fd_v12_0_vh_rfs.vhd 
# -- Loading package STANDARD
# End time: 18:14:45 on Mar 18,2023, Elapsed time: 0:00:00
# Errors: 0, Warnings: 1
# ** Warning: (vcom-159) Mode option -64 is not supported in this context and will be ignored.
# Model Technology ModelSim DE-64 vcom 10.6c Compiler 2017.07 Jul 26 2017
# Start time: 18:14:45 on Mar 18,2023
# vcom -64 -93 -work xbip_dsp48_wrapper_v3_0_4 ../../../../prj.ip_user_files/ipstatic/hdl/xbip_dsp48_wrapper_v3_0_vh_rfs.vhd 
# -- Loading package STANDARD
# End time: 18:14:46 on Mar 18,2023, Elapsed time: 0:00:01
# Errors: 0, Warnings: 1
# ** Warning: (vcom-159) Mode option -64 is not supported in this context and will be ignored.
# Model Technology ModelSim DE-64 vcom 10.6c Compiler 2017.07 Jul 26 2017
# Start time: 18:14:46 on Mar 18,2023
# vcom -64 -93 -work xbip_pipe_v3_0_5 ../../../../prj.ip_user_files/ipstatic/hdl/xbip_pipe_v3_0_vh_rfs.vhd 
# -- Loading package STANDARD
# End time: 18:14:46 on Mar 18,2023, Elapsed time: 0:00:00
# Errors: 0, Warnings: 1
# ** Warning: (vcom-159) Mode option -64 is not supported in this context and will be ignored.
# Model Technology ModelSim DE-64 vcom 10.6c Compiler 2017.07 Jul 26 2017
# Start time: 18:14:46 on Mar 18,2023
# vcom -64 -93 -work xbip_dsp48_addsub_v3_0_5 ../../../../prj.ip_user_files/ipstatic/hdl/xbip_dsp48_addsub_v3_0_vh_rfs.vhd 
# -- Loading package STANDARD
# End time: 18:14:46 on Mar 18,2023, Elapsed time: 0:00:00
# Errors: 0, Warnings: 1
# ** Warning: (vcom-159) Mode option -64 is not supported in this context and will be ignored.
# Model Technology ModelSim DE-64 vcom 10.6c Compiler 2017.07 Jul 26 2017
# Start time: 18:14:46 on Mar 18,2023
# vcom -64 -93 -work xbip_addsub_v3_0_5 ../../../../prj.ip_user_files/ipstatic/hdl/xbip_addsub_v3_0_vh_rfs.vhd 
# -- Loading package STANDARD
# End time: 18:14:46 on Mar 18,2023, Elapsed time: 0:00:00
# Errors: 0, Warnings: 1
# ** Warning: (vcom-159) Mode option -64 is not supported in this context and will be ignored.
# Model Technology ModelSim DE-64 vcom 10.6c Compiler 2017.07 Jul 26 2017
# Start time: 18:14:46 on Mar 18,2023
# vcom -64 -93 -work c_addsub_v12_0_12 ../../../../prj.ip_user_files/ipstatic/hdl/c_addsub_v12_0_vh_rfs.vhd 
# -- Loading package STANDARD
# End time: 18:14:47 on Mar 18,2023, Elapsed time: 0:00:01
# Errors: 0, Warnings: 1
# ** Warning: (vcom-159) Mode option -64 is not supported in this context and will be ignored.
# Model Technology ModelSim DE-64 vcom 10.6c Compiler 2017.07 Jul 26 2017
# Start time: 18:14:47 on Mar 18,2023
# vcom -64 -93 -work xbip_bram18k_v3_0_5 ../../../../prj.ip_user_files/ipstatic/hdl/xbip_bram18k_v3_0_vh_rfs.vhd 
# -- Loading package STANDARD
# End time: 18:14:48 on Mar 18,2023, Elapsed time: 0:00:01
# Errors: 0, Warnings: 1
# ** Warning: (vcom-159) Mode option -64 is not supported in this context and will be ignored.
# Model Technology ModelSim DE-64 vcom 10.6c Compiler 2017.07 Jul 26 2017
# Start time: 18:14:48 on Mar 18,2023
# vcom -64 -93 -work mult_gen_v12_0_14 ../../../../prj.ip_user_files/ipstatic/hdl/mult_gen_v12_0_vh_rfs.vhd 
# -- Loading package STANDARD
# End time: 18:14:49 on Mar 18,2023, Elapsed time: 0:00:01
# Errors: 0, Warnings: 1
# ** Warning: (vcom-159) Mode option -64 is not supported in this context and will be ignored.
# Model Technology ModelSim DE-64 vcom 10.6c Compiler 2017.07 Jul 26 2017
# Start time: 18:14:49 on Mar 18,2023
# vcom -64 -93 -work axi_utils_v2_0_5 ../../../../prj.ip_user_files/ipstatic/hdl/axi_utils_v2_0_vh_rfs.vhd 
# -- Loading package STANDARD
# End time: 18:14:50 on Mar 18,2023, Elapsed time: 0:00:01
# Errors: 0, Warnings: 1
# ** Warning: (vcom-159) Mode option -64 is not supported in this context and will be ignored.
# Model Technology ModelSim DE-64 vcom 10.6c Compiler 2017.07 Jul 26 2017
# Start time: 18:14:50 on Mar 18,2023
# vcom -64 -93 -work cordic_v6_0_14 ../../../../prj.ip_user_files/ipstatic/hdl/cordic_v6_0_vh_rfs.vhd 
# -- Loading package STANDARD
# End time: 18:14:51 on Mar 18,2023, Elapsed time: 0:00:01
# Errors: 0, Warnings: 1
# ** Warning: (vcom-159) Mode option -64 is not supported in this context and will be ignored.
# Model Technology ModelSim DE-64 vcom 10.6c Compiler 2017.07 Jul 26 2017
# Start time: 18:14:51 on Mar 18,2023
# vcom -64 -93 -work xil_defaultlib ../../../../../../src/ip/Square_Root/sim/Square_Root.vhd 
# -- Loading package STANDARD
# -- Loading package TEXTIO
# -- Loading package std_logic_1164
# -- Loading package NUMERIC_STD
# -- Compiling entity Square_Root
# -- Compiling architecture Square_Root_arch of Square_Root
# End time: 18:14:51 on Mar 18,2023, Elapsed time: 0:00:00
# Errors: 0, Warnings: 1
# ** Warning: (vlog-159) Mode option -64 is not supported in this context and will be ignored.
# Model Technology ModelSim DE-64 vlog 10.6c Compiler 2017.07 Jul 26 2017
# Start time: 18:14:51 on Mar 18,2023
# vlog -64 -incr -work fifo_generator_v13_2_2 ../../../../prj.ip_user_files/ipstatic/simulation/fifo_generator_vlog_beh.v 
# -- Skipping module fifo_generator_vlog_beh
# -- Skipping module fifo_generator_v13_2_2_CONV_VER
# -- Skipping module fifo_generator_v13_2_2_sync_stage
# -- Skipping module fifo_generator_v13_2_2_bhv_ver_as
# -- Skipping module fifo_generator_v13_2_2_beh_ver_ll_afifo
# -- Skipping module fifo_generator_v13_2_2_bhv_ver_ss
# -- Skipping module fifo_generator_v13_2_2_bhv_ver_preload0
# -- Skipping module fifo_generator_v13_2_2_axic_reg_slice
# 
# Top level modules:
# 	fifo_generator_vlog_beh
# End time: 18:14:51 on Mar 18,2023, Elapsed time: 0:00:00
# Errors: 0, Warnings: 1
# ** Warning: (vcom-159) Mode option -64 is not supported in this context and will be ignored.
# Model Technology ModelSim DE-64 vcom 10.6c Compiler 2017.07 Jul 26 2017
# Start time: 18:14:51 on Mar 18,2023
# vcom -64 -93 -work fifo_generator_v13_2_2 ../../../../prj.ip_user_files/ipstatic/hdl/fifo_generator_v13_2_rfs.vhd 
# -- Loading package STANDARD
# End time: 18:14:52 on Mar 18,2023, Elapsed time: 0:00:01
# Errors: 0, Warnings: 1
# ** Warning: (vlog-159) Mode option -64 is not supported in this context and will be ignored.
# Model Technology ModelSim DE-64 vlog 10.6c Compiler 2017.07 Jul 26 2017
# Start time: 18:14:52 on Mar 18,2023
# vlog -64 -incr -work fifo_generator_v13_2_2 ../../../../prj.ip_user_files/ipstatic/hdl/fifo_generator_v13_2_rfs.v 
# 
# Top level modules:
# End time: 18:14:53 on Mar 18,2023, Elapsed time: 0:00:01
# Errors: 0, Warnings: 1
# ** Warning: (vlog-159) Mode option -64 is not supported in this context and will be ignored.
# Model Technology ModelSim DE-64 vlog 10.6c Compiler 2017.07 Jul 26 2017
# Start time: 18:14:53 on Mar 18,2023
# vlog -64 -incr -work xil_defaultlib ../../../../../../src/ip/Fifo_In8x1024_Out8x1024/sim/Fifo_In8x1024_Out8x1024.v ../../../../../../src/CalCore.v ../../../../../../src/Matrix.v ../../../../../../src/PicSim.v ../../../../../../src/PluseDection.v ../../../../../../src/Sobel.v ../../../../../../src/VesaDriver.v ../../../../../../Sim/tb.v 
# -- Skipping module Fifo_In8x1024_Out8x1024
# -- Skipping module CalCore
# -- Skipping module Matrix
# -- Compiling module PicSim
# -- Skipping module PluseDection
# -- Skipping module Sobel
# -- Skipping module VesaDriver
# -- Skipping module tb
# 
# Top level modules:
# 	tb
# End time: 18:14:53 on Mar 18,2023, Elapsed time: 0:00:00
# Errors: 0, Warnings: 1
# Model Technology ModelSim DE-64 vlog 10.6c Compiler 2017.07 Jul 26 2017
# Start time: 18:14:53 on Mar 18,2023
# vlog -work xil_defaultlib glbl.v 
# -- Compiling module glbl
# 
# Top level modules:
# 	glbl
# End time: 18:14:53 on Mar 18,2023, Elapsed time: 0:00:00
# Errors: 0, Warnings: 0
